Using pre-set license
Built from '2022.3/staging' branch; Version is '2022.3.19f1 (244b723c30a6) revision 2378610'; Using compiler version '192829333'; Build Type 'Release'
OS: 'Windows 11  (10.0.22631) 64bit Core' Language: 'fr' Physical Memory: 16163 MB
BatchMode: 1, IsHumanControllingUs: 0, StartBugReporterOnCrash: 0, Is64bit: 1, IsPro: 1

COMMAND LINE ARGUMENTS:
C:\Program Files\Unity\Hub\Editor\2022.3.19f1\Editor\Unity.exe
-adb2
-batchMode
-noUpm
-name
AssetImportWorker1
-projectPath
C:/Users/33652/Documents/SI4/S8/IHM/Unity/My project (1)
-logFile
Logs/AssetImportWorker1.log
-srvPort
60224
Successfully changed project path to: C:/Users/33652/Documents/SI4/S8/IHM/Unity/My project (1)
C:/Users/33652/Documents/SI4/S8/IHM/Unity/My project (1)
[UnityMemory] Configuration Parameters - Can be set up in boot.config
    "memorysetup-bucket-allocator-granularity=16"
    "memorysetup-bucket-allocator-bucket-count=8"
    "memorysetup-bucket-allocator-block-size=33554432"
    "memorysetup-bucket-allocator-block-count=8"
    "memorysetup-main-allocator-block-size=16777216"
    "memorysetup-thread-allocator-block-size=16777216"
    "memorysetup-gfx-main-allocator-block-size=16777216"
    "memorysetup-gfx-thread-allocator-block-size=16777216"
    "memorysetup-cache-allocator-block-size=4194304"
    "memorysetup-typetree-allocator-block-size=2097152"
    "memorysetup-profiler-bucket-allocator-granularity=16"
    "memorysetup-profiler-bucket-allocator-bucket-count=8"
    "memorysetup-profiler-bucket-allocator-block-size=33554432"
    "memorysetup-profiler-bucket-allocator-block-count=8"
    "memorysetup-profiler-allocator-block-size=16777216"
    "memorysetup-profiler-editor-allocator-block-size=1048576"
    "memorysetup-temp-allocator-size-main=16777216"
    "memorysetup-job-temp-allocator-block-size=2097152"
    "memorysetup-job-temp-allocator-block-size-background=1048576"
    "memorysetup-job-temp-allocator-reduction-small-platforms=262144"
    "memorysetup-allocator-temp-initial-block-size-main=262144"
    "memorysetup-allocator-temp-initial-block-size-worker=262144"
    "memorysetup-temp-allocator-size-background-worker=32768"
    "memorysetup-temp-allocator-size-job-worker=262144"
    "memorysetup-temp-allocator-size-preload-manager=33554432"
    "memorysetup-temp-allocator-size-nav-mesh-worker=65536"
    "memorysetup-temp-allocator-size-audio-worker=65536"
    "memorysetup-temp-allocator-size-cloud-worker=32768"
    "memorysetup-temp-allocator-size-gi-baking-worker=262144"
    "memorysetup-temp-allocator-size-gfx=262144"
Unable to join player connection multicast group (err: 10013).
Player connection [14776] Host "[IP] 172.25.64.1 [Port] 0 [Flags] 2 [Guid] 2561776997 [EditorId] 2561776997 [Version] 1048832 [Id] WindowsEditor(7,TroTro-Computer) [Debug] 1 [PackageName] WindowsEditor [ProjectName] Editor" joined alternative multi-casting on [225.0.0.222:34997]...

[Physics::Module] Initialized MultithreadedJobDispatcher with 7 workers.
Refreshing native plugins compatible for Editor in 12.30 ms, found 3 plugins.
Preloading 0 native plugins for Editor in 0.00 ms.
Initialize engine version: 2022.3.19f1 (244b723c30a6)
[Subsystems] Discovering subsystems at path C:/Program Files/Unity/Hub/Editor/2022.3.19f1/Editor/Data/Resources/UnitySubsystems
[Subsystems] Discovering subsystems at path C:/Users/33652/Documents/SI4/S8/IHM/Unity/My project (1)/Assets
GfxDevice: creating device client; threaded=0; jobified=0
Direct3D:
    Version:  Direct3D 11.0 [level 11.1]
    Renderer: Intel(R) Iris(R) Xe Graphics (ID=0x9a49)
    Vendor:   Intel
    VRAM:     8081 MB
    Driver:   30.0.101.1404
Initialize mono
Mono path[0] = 'C:/Program Files/Unity/Hub/Editor/2022.3.19f1/Editor/Data/Managed'
Mono path[1] = 'C:/Program Files/Unity/Hub/Editor/2022.3.19f1/Editor/Data/MonoBleedingEdge/lib/mono/unityjit-win32'
Mono config path = 'C:/Program Files/Unity/Hub/Editor/2022.3.19f1/Editor/Data/MonoBleedingEdge/etc'
Using monoOptions --debugger-agent=transport=dt_socket,embedding=1,server=y,suspend=n,address=127.0.0.1:56260
Begin MonoManager ReloadAssembly
Registering precompiled unity dll's ...
Register platform support module: C:/Program Files/Unity/Hub/Editor/2022.3.19f1/Editor/Data/PlaybackEngines/WindowsStandaloneSupport/UnityEditor.WindowsStandalone.Extensions.dll
Registered in 0.006159 seconds.
- Loaded All Assemblies, in  0.675 seconds
Native extension for WindowsStandalone target not found
Mono: successfully reloaded assembly
- Finished resetting the current domain, in  0.433 seconds
Domain Reload Profiling: 1106ms
	BeginReloadAssembly (233ms)
		ExecutionOrderSort (0ms)
		DisableScriptedObjects (0ms)
		BackupInstance (0ms)
		ReleaseScriptingObjects (0ms)
		CreateAndSetChildDomain (1ms)
	RebuildCommonClasses (59ms)
	RebuildNativeTypeToScriptingClass (16ms)
	initialDomainReloadingComplete (90ms)
	LoadAllAssembliesAndSetupDomain (275ms)
		LoadAssemblies (229ms)
		RebuildTransferFunctionScriptingTraits (0ms)
		AnalyzeDomain (271ms)
			TypeCache.Refresh (270ms)
				TypeCache.ScanAssembly (245ms)
			ScanForSourceGeneratedMonoScriptInfo (0ms)
			ResolveRequiredComponents (1ms)
	FinalizeReload (434ms)
		ReleaseScriptCaches (0ms)
		RebuildScriptCaches (0ms)
		SetupLoadedEditorAssemblies (344ms)
			LogAssemblyErrors (0ms)
			InitializePlatformSupportModulesInManaged (14ms)
			SetLoadedEditorAssemblies (12ms)
			RefreshPlugins (0ms)
			BeforeProcessingInitializeOnLoad (3ms)
			ProcessInitializeOnLoadAttributes (237ms)
			ProcessInitializeOnLoadMethodAttributes (77ms)
			AfterProcessingInitializeOnLoad (0ms)
			EditorAssembliesLoaded (0ms)
		ExecutionOrderSort2 (0ms)
		AwakeInstancesAfterBackupRestoration (0ms)
========================================================================
Worker process is ready to serve import requests
Begin MonoManager ReloadAssembly
- Loaded All Assemblies, in  0.940 seconds
Refreshing native plugins compatible for Editor in 3.75 ms, found 3 plugins.
Native extension for WindowsStandalone target not found
Package Manager log level set to [2]
[Package Manager] Server::EnsureServerProcessIsRunning -- launch failed, reason: Unity was launched with the -noUpm command-line argument
[Package Manager] UpmClient::Send -- Unable to send message (not connected to UPM process).
[Package Manager] Cannot connect to Unity Package Manager local server
Mono: successfully reloaded assembly
- Finished resetting the current domain, in  0.895 seconds
Domain Reload Profiling: 1831ms
	BeginReloadAssembly (219ms)
		ExecutionOrderSort (0ms)
		DisableScriptedObjects (8ms)
		BackupInstance (0ms)
		ReleaseScriptingObjects (0ms)
		CreateAndSetChildDomain (35ms)
	RebuildCommonClasses (49ms)
	RebuildNativeTypeToScriptingClass (18ms)
	initialDomainReloadingComplete (79ms)
	LoadAllAssembliesAndSetupDomain (570ms)
		LoadAssemblies (432ms)
		RebuildTransferFunctionScriptingTraits (0ms)
		AnalyzeDomain (264ms)
			TypeCache.Refresh (233ms)
				TypeCache.ScanAssembly (208ms)
			ScanForSourceGeneratedMonoScriptInfo (21ms)
			ResolveRequiredComponents (7ms)
	FinalizeReload (896ms)
		ReleaseScriptCaches (0ms)
		RebuildScriptCaches (0ms)
		SetupLoadedEditorAssemblies (661ms)
			LogAssemblyErrors (0ms)
			InitializePlatformSupportModulesInManaged (9ms)
			SetLoadedEditorAssemblies (7ms)
			RefreshPlugins (0ms)
			BeforeProcessingInitializeOnLoad (90ms)
			ProcessInitializeOnLoadAttributes (503ms)
			ProcessInitializeOnLoadMethodAttributes (39ms)
			AfterProcessingInitializeOnLoad (11ms)
			EditorAssembliesLoaded (0ms)
		ExecutionOrderSort2 (0ms)
		AwakeInstancesAfterBackupRestoration (13ms)
Launched and connected shader compiler UnityShaderCompiler.exe after 0.07 seconds
Refreshing native plugins compatible for Editor in 4.70 ms, found 3 plugins.
Preloading 0 native plugins for Editor in 0.00 ms.
Unloading 3093 Unused Serialized files (Serialized files now loaded: 0)
Unloading 32 unused Assets / (57.0 KB). Loaded Objects now: 3554.
Memory consumption went from 122.5 MB to 122.5 MB.
Total: 4.115600 ms (FindLiveObjects: 0.403900 ms CreateObjectMapping: 0.458500 ms MarkObjects: 3.077700 ms  DeleteObjects: 0.173100 ms)

AssetImportParameters requested are different than current active one (requested -> active):
  custom:container-demuxer-ogg: 62fdf1f143b41e24485cea50d1cbac27 -> 
  custom:video-decoder-ogg-theora: a1e56fd34408186e4bbccfd4996cb3dc -> 
  custom:framework-win-MediaFoundation: 216162199b28c13a410421893ffa2e32 -> 
  custom:CustomObjectIndexerAttribute: 6d391050e5a25f67b0a2c618074f2cd9 -> 
  custom:container-demuxer-webm: 4f35f7cbe854078d1ac9338744f61a02 -> 
  custom:container-muxer-webm: aa71ff27fc2769a1b78a27578f13a17b -> 
  custom:video-decoder-webm-vp8: 9c59270c3fd7afecdb556c50c9e8de78 -> 
  custom:SearchIndexIgnoredProperties: e643bd26f0fe6173181afceb89e7c659 -> 
  custom:AudioImporter_EditorPlatform: d09bf68614088b80899f8185d706f6e7 -> 
  custom:video-encoder-webm-vp8: eb34c28f22e8b96e1ab97ce403110664 -> 
  custom:audio-decoder-ogg-vorbis: bf7c407c2cedff20999df2af8eb42d56 -> 
  custom:audio-encoder-webm-vorbis: bf7c407c2cedff20999df2af8eb42d56 -> 
========================================================================
Received Import Request.
  Time since last request: 65767.938350 seconds.
  path: Assets/CraftingFreePack_FBX.fbx
  artifactKey: Guid(4f6343a836922944a9f0400ebccbad29) Importer(815301076,1909f56bfc062723c751e8b465ee728b)
Start importing Assets/CraftingFreePack_FBX.fbx using Guid(4f6343a836922944a9f0400ebccbad29) Importer(815301076,1909f56bfc062723c751e8b465ee728b)  -> (artifact id: '300aa8095b4f2bbd8fd3ca7d4d82a25c') in 0.704050 seconds
Number of updated asset objects reloaded before import = 0
Number of asset objects unloaded after import = 195
========================================================================
Received Prepare
Begin MonoManager ReloadAssembly
- Loaded All Assemblies, in  0.547 seconds
Refreshing native plugins compatible for Editor in 3.10 ms, found 3 plugins.
Native extension for WindowsStandalone target not found
[Package Manager] Server::EnsureServerProcessIsRunning -- launch failed, reason: Unity was launched with the -noUpm command-line argument
[Package Manager] UpmClient::Send -- Unable to send message (not connected to UPM process).
[Package Manager] Cannot connect to Unity Package Manager local server
Mono: successfully reloaded assembly
- Finished resetting the current domain, in  2.028 seconds
Domain Reload Profiling: 2574ms
	BeginReloadAssembly (196ms)
		ExecutionOrderSort (0ms)
		DisableScriptedObjects (4ms)
		BackupInstance (0ms)
		ReleaseScriptingObjects (0ms)
		CreateAndSetChildDomain (50ms)
	RebuildCommonClasses (41ms)
	RebuildNativeTypeToScriptingClass (14ms)
	initialDomainReloadingComplete (40ms)
	LoadAllAssembliesAndSetupDomain (252ms)
		LoadAssemblies (331ms)
		RebuildTransferFunctionScriptingTraits (0ms)
		AnalyzeDomain (16ms)
			TypeCache.Refresh (8ms)
				TypeCache.ScanAssembly (0ms)
			ScanForSourceGeneratedMonoScriptInfo (0ms)
			ResolveRequiredComponents (7ms)
	FinalizeReload (2031ms)
		ReleaseScriptCaches (0ms)
		RebuildScriptCaches (0ms)
		SetupLoadedEditorAssemblies (995ms)
			LogAssemblyErrors (0ms)
			InitializePlatformSupportModulesInManaged (15ms)
			SetLoadedEditorAssemblies (11ms)
			RefreshPlugins (0ms)
			BeforeProcessingInitializeOnLoad (140ms)
			ProcessInitializeOnLoadAttributes (741ms)
			ProcessInitializeOnLoadMethodAttributes (72ms)
			AfterProcessingInitializeOnLoad (16ms)
			EditorAssembliesLoaded (1ms)
		ExecutionOrderSort2 (0ms)
		AwakeInstancesAfterBackupRestoration (17ms)
Refreshing native plugins compatible for Editor in 2.83 ms, found 3 plugins.
Preloading 0 native plugins for Editor in 0.00 ms.
Unloading 3085 Unused Serialized files (Serialized files now loaded: 0)
Unloading 22 unused Assets / (30.1 KB). Loaded Objects now: 3602.
Memory consumption went from 128.1 MB to 128.1 MB.
Total: 10.843000 ms (FindLiveObjects: 0.500700 ms CreateObjectMapping: 0.442300 ms MarkObjects: 9.780100 ms  DeleteObjects: 0.116500 ms)

Prepare: number of updated asset objects reloaded= 0
AssetImportParameters requested are different than current active one (requested -> active):
  custom:container-demuxer-ogg: 62fdf1f143b41e24485cea50d1cbac27 -> 
  custom:video-decoder-ogg-theora: a1e56fd34408186e4bbccfd4996cb3dc -> 
  custom:framework-win-MediaFoundation: 216162199b28c13a410421893ffa2e32 -> 
  custom:CustomObjectIndexerAttribute: 6d391050e5a25f67b0a2c618074f2cd9 -> 
  custom:container-demuxer-webm: 4f35f7cbe854078d1ac9338744f61a02 -> 
  custom:container-muxer-webm: aa71ff27fc2769a1b78a27578f13a17b -> 
  custom:video-decoder-webm-vp8: 9c59270c3fd7afecdb556c50c9e8de78 -> 
  custom:SearchIndexIgnoredProperties: e643bd26f0fe6173181afceb89e7c659 -> 
  custom:AudioImporter_EditorPlatform: d09bf68614088b80899f8185d706f6e7 -> 
  custom:video-encoder-webm-vp8: eb34c28f22e8b96e1ab97ce403110664 -> 
  custom:audio-decoder-ogg-vorbis: bf7c407c2cedff20999df2af8eb42d56 -> 
  custom:audio-encoder-webm-vorbis: bf7c407c2cedff20999df2af8eb42d56 -> 
========================================================================
Received Prepare
Begin MonoManager ReloadAssembly
- Loaded All Assemblies, in  0.483 seconds
Refreshing native plugins compatible for Editor in 2.92 ms, found 3 plugins.
Native extension for WindowsStandalone target not found
[Package Manager] Server::EnsureServerProcessIsRunning -- launch failed, reason: Unity was launched with the -noUpm command-line argument
[Package Manager] UpmClient::Send -- Unable to send message (not connected to UPM process).
[Package Manager] Cannot connect to Unity Package Manager local server
Mono: successfully reloaded assembly
- Finished resetting the current domain, in  1.433 seconds
Domain Reload Profiling: 1914ms
	BeginReloadAssembly (165ms)
		ExecutionOrderSort (0ms)
		DisableScriptedObjects (4ms)
		BackupInstance (0ms)
		ReleaseScriptingObjects (0ms)
		CreateAndSetChildDomain (36ms)
	RebuildCommonClasses (40ms)
	RebuildNativeTypeToScriptingClass (11ms)
	initialDomainReloadingComplete (31ms)
	LoadAllAssembliesAndSetupDomain (232ms)
		LoadAssemblies (312ms)
		RebuildTransferFunctionScriptingTraits (0ms)
		AnalyzeDomain (13ms)
			TypeCache.Refresh (8ms)
				TypeCache.ScanAssembly (0ms)
			ScanForSourceGeneratedMonoScriptInfo (0ms)
			ResolveRequiredComponents (4ms)
	FinalizeReload (1434ms)
		ReleaseScriptCaches (0ms)
		RebuildScriptCaches (0ms)
		SetupLoadedEditorAssemblies (684ms)
			LogAssemblyErrors (0ms)
			InitializePlatformSupportModulesInManaged (11ms)
			SetLoadedEditorAssemblies (6ms)
			RefreshPlugins (0ms)
			BeforeProcessingInitializeOnLoad (91ms)
			ProcessInitializeOnLoadAttributes (522ms)
			ProcessInitializeOnLoadMethodAttributes (45ms)
			AfterProcessingInitializeOnLoad (9ms)
			EditorAssembliesLoaded (0ms)
		ExecutionOrderSort2 (0ms)
		AwakeInstancesAfterBackupRestoration (13ms)
Refreshing native plugins compatible for Editor in 8.66 ms, found 3 plugins.
Preloading 0 native plugins for Editor in 0.00 ms.
Unloading 3085 Unused Serialized files (Serialized files now loaded: 0)
Unloading 22 unused Assets / (30.2 KB). Loaded Objects now: 3605.
Memory consumption went from 130.0 MB to 130.0 MB.
Total: 6.125000 ms (FindLiveObjects: 0.538400 ms CreateObjectMapping: 0.594400 ms MarkObjects: 4.861900 ms  DeleteObjects: 0.125100 ms)

Prepare: number of updated asset objects reloaded= 0
AssetImportParameters requested are different than current active one (requested -> active):
  custom:container-demuxer-ogg: 62fdf1f143b41e24485cea50d1cbac27 -> 
  custom:video-decoder-ogg-theora: a1e56fd34408186e4bbccfd4996cb3dc -> 
  custom:framework-win-MediaFoundation: 216162199b28c13a410421893ffa2e32 -> 
  custom:CustomObjectIndexerAttribute: 6d391050e5a25f67b0a2c618074f2cd9 -> 
  custom:container-demuxer-webm: 4f35f7cbe854078d1ac9338744f61a02 -> 
  custom:container-muxer-webm: aa71ff27fc2769a1b78a27578f13a17b -> 
  custom:video-decoder-webm-vp8: 9c59270c3fd7afecdb556c50c9e8de78 -> 
  custom:SearchIndexIgnoredProperties: e643bd26f0fe6173181afceb89e7c659 -> 
  custom:AudioImporter_EditorPlatform: d09bf68614088b80899f8185d706f6e7 -> 
  custom:video-encoder-webm-vp8: eb34c28f22e8b96e1ab97ce403110664 -> 
  custom:audio-decoder-ogg-vorbis: bf7c407c2cedff20999df2af8eb42d56 -> 
  custom:audio-encoder-webm-vorbis: bf7c407c2cedff20999df2af8eb42d56 -> 
========================================================================
Received Prepare
Begin MonoManager ReloadAssembly
- Loaded All Assemblies, in  0.510 seconds
Refreshing native plugins compatible for Editor in 4.40 ms, found 3 plugins.
Native extension for WindowsStandalone target not found
[Package Manager] Server::EnsureServerProcessIsRunning -- launch failed, reason: Unity was launched with the -noUpm command-line argument
[Package Manager] UpmClient::Send -- Unable to send message (not connected to UPM process).
[Package Manager] Cannot connect to Unity Package Manager local server
Mono: successfully reloaded assembly
- Finished resetting the current domain, in  1.460 seconds
Domain Reload Profiling: 1969ms
	BeginReloadAssembly (178ms)
		ExecutionOrderSort (0ms)
		DisableScriptedObjects (7ms)
		BackupInstance (0ms)
		ReleaseScriptingObjects (0ms)
		CreateAndSetChildDomain (40ms)
	RebuildCommonClasses (45ms)
	RebuildNativeTypeToScriptingClass (12ms)
	initialDomainReloadingComplete (33ms)
	LoadAllAssembliesAndSetupDomain (240ms)
		LoadAssemblies (322ms)
		RebuildTransferFunctionScriptingTraits (0ms)
		AnalyzeDomain (15ms)
			TypeCache.Refresh (7ms)
				TypeCache.ScanAssembly (0ms)
			ScanForSourceGeneratedMonoScriptInfo (0ms)
			ResolveRequiredComponents (6ms)
	FinalizeReload (1462ms)
		ReleaseScriptCaches (0ms)
		RebuildScriptCaches (0ms)
		SetupLoadedEditorAssemblies (692ms)
			LogAssemblyErrors (0ms)
			InitializePlatformSupportModulesInManaged (9ms)
			SetLoadedEditorAssemblies (9ms)
			RefreshPlugins (0ms)
			BeforeProcessingInitializeOnLoad (98ms)
			ProcessInitializeOnLoadAttributes (517ms)
			ProcessInitializeOnLoadMethodAttributes (46ms)
			AfterProcessingInitializeOnLoad (13ms)
			EditorAssembliesLoaded (0ms)
		ExecutionOrderSort2 (0ms)
		AwakeInstancesAfterBackupRestoration (15ms)
Refreshing native plugins compatible for Editor in 10.98 ms, found 3 plugins.
Preloading 0 native plugins for Editor in 0.00 ms.
Unloading 3085 Unused Serialized files (Serialized files now loaded: 0)
Unloading 22 unused Assets / (30.2 KB). Loaded Objects now: 3608.
Memory consumption went from 132.0 MB to 131.9 MB.
Total: 9.382700 ms (FindLiveObjects: 1.125900 ms CreateObjectMapping: 1.279400 ms MarkObjects: 6.749300 ms  DeleteObjects: 0.219400 ms)

Prepare: number of updated asset objects reloaded= 0
AssetImportParameters requested are different than current active one (requested -> active):
  custom:container-demuxer-ogg: 62fdf1f143b41e24485cea50d1cbac27 -> 
  custom:video-decoder-ogg-theora: a1e56fd34408186e4bbccfd4996cb3dc -> 
  custom:framework-win-MediaFoundation: 216162199b28c13a410421893ffa2e32 -> 
  custom:CustomObjectIndexerAttribute: 6d391050e5a25f67b0a2c618074f2cd9 -> 
  custom:container-demuxer-webm: 4f35f7cbe854078d1ac9338744f61a02 -> 
  custom:container-muxer-webm: aa71ff27fc2769a1b78a27578f13a17b -> 
  custom:video-decoder-webm-vp8: 9c59270c3fd7afecdb556c50c9e8de78 -> 
  custom:SearchIndexIgnoredProperties: e643bd26f0fe6173181afceb89e7c659 -> 
  custom:AudioImporter_EditorPlatform: d09bf68614088b80899f8185d706f6e7 -> 
  custom:video-encoder-webm-vp8: eb34c28f22e8b96e1ab97ce403110664 -> 
  custom:audio-decoder-ogg-vorbis: bf7c407c2cedff20999df2af8eb42d56 -> 
  custom:audio-encoder-webm-vorbis: bf7c407c2cedff20999df2af8eb42d56 -> 
========================================================================
Received Prepare
Begin MonoManager ReloadAssembly
- Loaded All Assemblies, in  0.491 seconds
Refreshing native plugins compatible for Editor in 5.52 ms, found 3 plugins.
Native extension for WindowsStandalone target not found
[Package Manager] Server::EnsureServerProcessIsRunning -- launch failed, reason: Unity was launched with the -noUpm command-line argument
[Package Manager] UpmClient::Send -- Unable to send message (not connected to UPM process).
[Package Manager] Cannot connect to Unity Package Manager local server
Mono: successfully reloaded assembly
- Finished resetting the current domain, in  2.053 seconds
Domain Reload Profiling: 2543ms
	BeginReloadAssembly (178ms)
		ExecutionOrderSort (0ms)
		DisableScriptedObjects (8ms)
		BackupInstance (0ms)
		ReleaseScriptingObjects (0ms)
		CreateAndSetChildDomain (38ms)
	RebuildCommonClasses (33ms)
	RebuildNativeTypeToScriptingClass (17ms)
	initialDomainReloadingComplete (27ms)
	LoadAllAssembliesAndSetupDomain (234ms)
		LoadAssemblies (304ms)
		RebuildTransferFunctionScriptingTraits (0ms)
		AnalyzeDomain (22ms)
			TypeCache.Refresh (12ms)
				TypeCache.ScanAssembly (0ms)
			ScanForSourceGeneratedMonoScriptInfo (0ms)
			ResolveRequiredComponents (7ms)
	FinalizeReload (2055ms)
		ReleaseScriptCaches (0ms)
		RebuildScriptCaches (0ms)
		SetupLoadedEditorAssemblies (1001ms)
			LogAssemblyErrors (0ms)
			InitializePlatformSupportModulesInManaged (15ms)
			SetLoadedEditorAssemblies (13ms)
			RefreshPlugins (0ms)
			BeforeProcessingInitializeOnLoad (141ms)
			ProcessInitializeOnLoadAttributes (750ms)
			ProcessInitializeOnLoadMethodAttributes (68ms)
			AfterProcessingInitializeOnLoad (12ms)
			EditorAssembliesLoaded (1ms)
		ExecutionOrderSort2 (0ms)
		AwakeInstancesAfterBackupRestoration (22ms)
Refreshing native plugins compatible for Editor in 26.94 ms, found 3 plugins.
Preloading 0 native plugins for Editor in 0.00 ms.
Unloading 3085 Unused Serialized files (Serialized files now loaded: 0)
Unloading 22 unused Assets / (30.2 KB). Loaded Objects now: 3611.
Memory consumption went from 133.9 MB to 133.9 MB.
Total: 8.692500 ms (FindLiveObjects: 0.459800 ms CreateObjectMapping: 0.149600 ms MarkObjects: 7.860000 ms  DeleteObjects: 0.219300 ms)

Prepare: number of updated asset objects reloaded= 0
AssetImportParameters requested are different than current active one (requested -> active):
  custom:container-demuxer-ogg: 62fdf1f143b41e24485cea50d1cbac27 -> 
  custom:video-decoder-ogg-theora: a1e56fd34408186e4bbccfd4996cb3dc -> 
  custom:framework-win-MediaFoundation: 216162199b28c13a410421893ffa2e32 -> 
  custom:CustomObjectIndexerAttribute: 6d391050e5a25f67b0a2c618074f2cd9 -> 
  custom:container-demuxer-webm: 4f35f7cbe854078d1ac9338744f61a02 -> 
  custom:container-muxer-webm: aa71ff27fc2769a1b78a27578f13a17b -> 
  custom:video-decoder-webm-vp8: 9c59270c3fd7afecdb556c50c9e8de78 -> 
  custom:SearchIndexIgnoredProperties: e643bd26f0fe6173181afceb89e7c659 -> 
  custom:AudioImporter_EditorPlatform: d09bf68614088b80899f8185d706f6e7 -> 
  custom:video-encoder-webm-vp8: eb34c28f22e8b96e1ab97ce403110664 -> 
  custom:audio-decoder-ogg-vorbis: bf7c407c2cedff20999df2af8eb42d56 -> 
  custom:audio-encoder-webm-vorbis: bf7c407c2cedff20999df2af8eb42d56 -> 
========================================================================
Received Prepare
Begin MonoManager ReloadAssembly
- Loaded All Assemblies, in  0.515 seconds
Refreshing native plugins compatible for Editor in 3.86 ms, found 3 plugins.
Native extension for WindowsStandalone target not found
[Package Manager] Server::EnsureServerProcessIsRunning -- launch failed, reason: Unity was launched with the -noUpm command-line argument
[Package Manager] UpmClient::Send -- Unable to send message (not connected to UPM process).
[Package Manager] Cannot connect to Unity Package Manager local server
Mono: successfully reloaded assembly
- Finished resetting the current domain, in  1.952 seconds
Domain Reload Profiling: 2464ms
	BeginReloadAssembly (184ms)
		ExecutionOrderSort (0ms)
		DisableScriptedObjects (7ms)
		BackupInstance (0ms)
		ReleaseScriptingObjects (0ms)
		CreateAndSetChildDomain (45ms)
	RebuildCommonClasses (38ms)
	RebuildNativeTypeToScriptingClass (15ms)
	initialDomainReloadingComplete (37ms)
	LoadAllAssembliesAndSetupDomain (237ms)
		LoadAssemblies (319ms)
		RebuildTransferFunctionScriptingTraits (0ms)
		AnalyzeDomain (17ms)
			TypeCache.Refresh (8ms)
				TypeCache.ScanAssembly (0ms)
			ScanForSourceGeneratedMonoScriptInfo (0ms)
			ResolveRequiredComponents (6ms)
	FinalizeReload (1952ms)
		ReleaseScriptCaches (0ms)
		RebuildScriptCaches (0ms)
		SetupLoadedEditorAssemblies (1054ms)
			LogAssemblyErrors (0ms)
			InitializePlatformSupportModulesInManaged (14ms)
			SetLoadedEditorAssemblies (12ms)
			RefreshPlugins (0ms)
			BeforeProcessingInitializeOnLoad (147ms)
			ProcessInitializeOnLoadAttributes (799ms)
			ProcessInitializeOnLoadMethodAttributes (65ms)
			AfterProcessingInitializeOnLoad (16ms)
			EditorAssembliesLoaded (0ms)
		ExecutionOrderSort2 (0ms)
		AwakeInstancesAfterBackupRestoration (24ms)
Refreshing native plugins compatible for Editor in 9.84 ms, found 3 plugins.
Preloading 0 native plugins for Editor in 0.00 ms.
Unloading 3085 Unused Serialized files (Serialized files now loaded: 0)
Unloading 22 unused Assets / (30.2 KB). Loaded Objects now: 3614.
Memory consumption went from 135.8 MB to 135.8 MB.
Total: 9.815600 ms (FindLiveObjects: 0.670300 ms CreateObjectMapping: 0.637300 ms MarkObjects: 8.310800 ms  DeleteObjects: 0.194700 ms)

Prepare: number of updated asset objects reloaded= 0
AssetImportParameters requested are different than current active one (requested -> active):
  custom:container-demuxer-ogg: 62fdf1f143b41e24485cea50d1cbac27 -> 
  custom:video-decoder-ogg-theora: a1e56fd34408186e4bbccfd4996cb3dc -> 
  custom:framework-win-MediaFoundation: 216162199b28c13a410421893ffa2e32 -> 
  custom:CustomObjectIndexerAttribute: 6d391050e5a25f67b0a2c618074f2cd9 -> 
  custom:container-demuxer-webm: 4f35f7cbe854078d1ac9338744f61a02 -> 
  custom:container-muxer-webm: aa71ff27fc2769a1b78a27578f13a17b -> 
  custom:video-decoder-webm-vp8: 9c59270c3fd7afecdb556c50c9e8de78 -> 
  custom:SearchIndexIgnoredProperties: e643bd26f0fe6173181afceb89e7c659 -> 
  custom:AudioImporter_EditorPlatform: d09bf68614088b80899f8185d706f6e7 -> 
  custom:video-encoder-webm-vp8: eb34c28f22e8b96e1ab97ce403110664 -> 
  custom:audio-decoder-ogg-vorbis: bf7c407c2cedff20999df2af8eb42d56 -> 
  custom:audio-encoder-webm-vorbis: bf7c407c2cedff20999df2af8eb42d56 -> 
========================================================================
Received Import Request.
  Time since last request: 2091.727246 seconds.
  path: Assets/labObjects/fiole/Material.001.mat
  artifactKey: Guid(27be86ddb74d8aa43b02048b4a5e29c1) Importer(815301076,1909f56bfc062723c751e8b465ee728b)
Start importing Assets/labObjects/fiole/Material.001.mat using Guid(27be86ddb74d8aa43b02048b4a5e29c1) Importer(815301076,1909f56bfc062723c751e8b465ee728b)  -> (artifact id: '1db8a527800d0cf84a933af23ed348a5') in 0.215519 seconds
Number of updated asset objects reloaded before import = 0
Number of asset objects unloaded after import = 1
========================================================================
Received Import Request.
  Time since last request: 162.363237 seconds.
  path: Assets/labObjects/fiole/Material.001.mat
  artifactKey: Guid(27be86ddb74d8aa43b02048b4a5e29c1) Importer(815301076,1909f56bfc062723c751e8b465ee728b)
Start importing Assets/labObjects/fiole/Material.001.mat using Guid(27be86ddb74d8aa43b02048b4a5e29c1) Importer(815301076,1909f56bfc062723c751e8b465ee728b)  -> (artifact id: '30a8a0203b53b45a65d3f49a465f52e4') in 0.057448 seconds
Number of updated asset objects reloaded before import = 0
Number of asset objects unloaded after import = 1
========================================================================
Received Import Request.
  Time since last request: 0.000095 seconds.
  path: Assets/labObjects/fiole/Material.004.mat
  artifactKey: Guid(57faf186aacb12741b0efd1249e3d3f9) Importer(815301076,1909f56bfc062723c751e8b465ee728b)
Start importing Assets/labObjects/fiole/Material.004.mat using Guid(57faf186aacb12741b0efd1249e3d3f9) Importer(815301076,1909f56bfc062723c751e8b465ee728b)  -> (artifact id: '2c176239c88b09f0f0b5f2211e14946e') in 0.069095 seconds
Number of updated asset objects reloaded before import = 0
Number of asset objects unloaded after import = 1
========================================================================
Received Import Request.
  Time since last request: 0.000324 seconds.
  path: Assets/labObjects/fiole/vial.blend
  artifactKey: Guid(3246bcaaa3ab63f45801908c2220a50e) Importer(815301076,1909f56bfc062723c751e8b465ee728b)
Start importing Assets/labObjects/fiole/vial.blend using Guid(3246bcaaa3ab63f45801908c2220a50e) Importer(815301076,1909f56bfc062723c751e8b465ee728b)  -> (artifact id: 'a0de039466f08402363b79317a47b142') in 0.221333 seconds
Number of updated asset objects reloaded before import = 0
Number of asset objects unloaded after import = 23
========================================================================
Received Import Request.
  Time since last request: 18.892073 seconds.
  path: Assets/labObjects/fiole/vial 1.blend
  artifactKey: Guid(0b51f991dd6998f4ba68a3b9d50d457e) Importer(815301076,1909f56bfc062723c751e8b465ee728b)
Start importing Assets/labObjects/fiole/vial 1.blend using Guid(0b51f991dd6998f4ba68a3b9d50d457e) Importer(815301076,1909f56bfc062723c751e8b465ee728b)  -> (artifact id: '50ba7a80e6f27c4dc258d3458ceac5c7') in 0.159589 seconds
Number of updated asset objects reloaded before import = 0
Number of asset objects unloaded after import = 22
========================================================================
Received Import Request.
  Time since last request: 329.262845 seconds.
  path: Assets/labObjects/forcepsMat.mat
  artifactKey: Guid(76c6126a80e651441b20c5447d9287fc) Importer(815301076,1909f56bfc062723c751e8b465ee728b)
Start importing Assets/labObjects/forcepsMat.mat using Guid(76c6126a80e651441b20c5447d9287fc) Importer(815301076,1909f56bfc062723c751e8b465ee728b)  -> (artifact id: '2ce2aad978735699c1fca202245efc5b') in 0.056643 seconds
Number of updated asset objects reloaded before import = 0
Number of asset objects unloaded after import = 1
========================================================================
Received Import Request.
  Time since last request: 81.352893 seconds.
  path: Assets/labObjects/goutteAgoutte/textures/bottle_material_SG_Glossiness.png
  artifactKey: Guid(3e22fce1c430e4c4ebbca401850f651d) Importer(815301076,1909f56bfc062723c751e8b465ee728b)
Start importing Assets/labObjects/goutteAgoutte/textures/bottle_material_SG_Glossiness.png using Guid(3e22fce1c430e4c4ebbca401850f651d) Importer(815301076,1909f56bfc062723c751e8b465ee728b)  -> (artifact id: 'a25881897cb3c1ddf5cfb004000c316d') in 0.062120 seconds
Number of updated asset objects reloaded before import = 0
Number of asset objects unloaded after import = 2
========================================================================
Received Import Request.
  Time since last request: 0.000059 seconds.
  path: Assets/labObjects/goutteAgoutte/textures/bottle_material_SG_Reflection.png
  artifactKey: Guid(c242ebe44f692e2439b0126f0cb24af2) Importer(815301076,1909f56bfc062723c751e8b465ee728b)
Start importing Assets/labObjects/goutteAgoutte/textures/bottle_material_SG_Reflection.png using Guid(c242ebe44f692e2439b0126f0cb24af2) Importer(815301076,1909f56bfc062723c751e8b465ee728b)  -> (artifact id: '9f4f5736155a7dab3cf1f5d86c854e20') in 0.060587 seconds
Number of updated asset objects reloaded before import = 0
Number of asset objects unloaded after import = 2
========================================================================
Received Import Request.
  Time since last request: 0.000205 seconds.
  path: Assets/labObjects/goutteAgoutte/textures/label_material_SG_Glossiness.png
  artifactKey: Guid(edd670b5405e6eb41b7444a314b3f116) Importer(815301076,1909f56bfc062723c751e8b465ee728b)
Start importing Assets/labObjects/goutteAgoutte/textures/label_material_SG_Glossiness.png using Guid(edd670b5405e6eb41b7444a314b3f116) Importer(815301076,1909f56bfc062723c751e8b465ee728b)  -> (artifact id: '4af62f8bc0dd190259e29eb06387d792') in 0.047349 seconds
Number of updated asset objects reloaded before import = 0
Number of asset objects unloaded after import = 2
========================================================================
Received Import Request.
  Time since last request: 0.000097 seconds.
  path: Assets/labObjects/goutteAgoutte/textures/liquid_material_SG_Diffuse.png
  artifactKey: Guid(9ec68ee097ac94e4f98b1758150054fa) Importer(815301076,1909f56bfc062723c751e8b465ee728b)
Start importing Assets/labObjects/goutteAgoutte/textures/liquid_material_SG_Diffuse.png using Guid(9ec68ee097ac94e4f98b1758150054fa) Importer(815301076,1909f56bfc062723c751e8b465ee728b)  -> (artifact id: 'bf5f0f89aac11d4968fb573e28efdd7f') in 0.056930 seconds
Number of updated asset objects reloaded before import = 0
Number of asset objects unloaded after import = 2
========================================================================
Received Import Request.
  Time since last request: 0.000074 seconds.
  path: Assets/labObjects/goutteAgoutte/textures/liquid_material_SG_ior.png
  artifactKey: Guid(738b6755c8c6d974f9385cfd35acac9d) Importer(815301076,1909f56bfc062723c751e8b465ee728b)
Start importing Assets/labObjects/goutteAgoutte/textures/liquid_material_SG_ior.png using Guid(738b6755c8c6d974f9385cfd35acac9d) Importer(815301076,1909f56bfc062723c751e8b465ee728b)  -> (artifact id: '772e00e46d3c8c74bb192251f14eb297') in 0.059650 seconds
Number of updated asset objects reloaded before import = 0
Number of asset objects unloaded after import = 2
========================================================================
Received Import Request.
  Time since last request: 0.000062 seconds.
  path: Assets/labObjects/goutteAgoutte/textures/label_material_SG_Diffuse.png
  artifactKey: Guid(db094fb265abe9841a94509b84df95d7) Importer(815301076,1909f56bfc062723c751e8b465ee728b)
Start importing Assets/labObjects/goutteAgoutte/textures/label_material_SG_Diffuse.png using Guid(db094fb265abe9841a94509b84df95d7) Importer(815301076,1909f56bfc062723c751e8b465ee728b)  -> (artifact id: '951a6975a50229a2b9ed3fcc0d31c339') in 0.049482 seconds
Number of updated asset objects reloaded before import = 0
Number of asset objects unloaded after import = 2
========================================================================
Received Import Request.
  Time since last request: 0.000032 seconds.
  path: Assets/labObjects/goutteAgoutte/textures/liquid_material_SG_Normal.png
  artifactKey: Guid(e12d85424ded6bc4cbfb3e7344897fc1) Importer(815301076,1909f56bfc062723c751e8b465ee728b)
Start importing Assets/labObjects/goutteAgoutte/textures/liquid_material_SG_Normal.png using Guid(e12d85424ded6bc4cbfb3e7344897fc1) Importer(815301076,1909f56bfc062723c751e8b465ee728b)  -> (artifact id: '8d77ee0c251f016afd92f9e7a3e961dd') in 0.022919 seconds
Number of updated asset objects reloaded before import = 0
Number of asset objects unloaded after import = 2
========================================================================
Received Import Request.
  Time since last request: 0.000107 seconds.
  path: Assets/labObjects/goutteAgoutte/textures/label_material_SG_Normal.png
  artifactKey: Guid(d93115e5a1325db48b8b4a013fb23dff) Importer(815301076,1909f56bfc062723c751e8b465ee728b)
Start importing Assets/labObjects/goutteAgoutte/textures/label_material_SG_Normal.png using Guid(d93115e5a1325db48b8b4a013fb23dff) Importer(815301076,1909f56bfc062723c751e8b465ee728b)  -> (artifact id: '3ecfef7d2b51f813d105b6a24374548a') in 0.047315 seconds
Number of updated asset objects reloaded before import = 0
Number of asset objects unloaded after import = 2
========================================================================
Received Import Request.
  Time since last request: 0.000067 seconds.
  path: Assets/labObjects/goutteAgoutte/textures/bottle_material_SG_ior.png
  artifactKey: Guid(eb95ffe5451b18d419f41e2c9c66c458) Importer(815301076,1909f56bfc062723c751e8b465ee728b)
Start importing Assets/labObjects/goutteAgoutte/textures/bottle_material_SG_ior.png using Guid(eb95ffe5451b18d419f41e2c9c66c458) Importer(815301076,1909f56bfc062723c751e8b465ee728b)  -> (artifact id: 'c5af2d38633fc79a47eb86352f24418e') in 0.048957 seconds
Number of updated asset objects reloaded before import = 0
Number of asset objects unloaded after import = 2
========================================================================
Received Import Request.
  Time since last request: 0.000027 seconds.
  path: Assets/labObjects/goutteAgoutte/textures/tomoco_studio.exr
  artifactKey: Guid(727eafb52d145d343a4e9f4404c9b7dd) Importer(815301076,1909f56bfc062723c751e8b465ee728b)
Start importing Assets/labObjects/goutteAgoutte/textures/tomoco_studio.exr using Guid(727eafb52d145d343a4e9f4404c9b7dd) Importer(815301076,1909f56bfc062723c751e8b465ee728b)  -> (artifact id: 'ae24e75d9fdb053c54f37083e60b2b0a') in 0.067883 seconds
Number of updated asset objects reloaded before import = 0
Number of asset objects unloaded after import = 2
========================================================================
Received Import Request.
  Time since last request: 0.000054 seconds.
  path: Assets/labObjects/goutteAgoutte/textures/cork_material_SG_Glossiness.png
  artifactKey: Guid(9ec6345849978794697dab335dc9844a) Importer(815301076,1909f56bfc062723c751e8b465ee728b)
Start importing Assets/labObjects/goutteAgoutte/textures/cork_material_SG_Glossiness.png using Guid(9ec6345849978794697dab335dc9844a) Importer(815301076,1909f56bfc062723c751e8b465ee728b)  -> (artifact id: 'e0de3d423afbe6f6be39837b17ab8307') in 0.048727 seconds
Number of updated asset objects reloaded before import = 0
Number of asset objects unloaded after import = 2
========================================================================
Received Import Request.
  Time since last request: 0.000060 seconds.
  path: Assets/labObjects/goutteAgoutte/textures/cork_material_SG_Diffuse.png
  artifactKey: Guid(5126d4218f470504389e164a8f3a59fd) Importer(815301076,1909f56bfc062723c751e8b465ee728b)
Start importing Assets/labObjects/goutteAgoutte/textures/cork_material_SG_Diffuse.png using Guid(5126d4218f470504389e164a8f3a59fd) Importer(815301076,1909f56bfc062723c751e8b465ee728b)  -> (artifact id: '45302d227a0094a7201f3acec46e23ed') in 0.046327 seconds
Number of updated asset objects reloaded before import = 0
Number of asset objects unloaded after import = 2
========================================================================
Received Import Request.
  Time since last request: 0.000043 seconds.
  path: Assets/labObjects/goutteAgoutte/textures/cork_material_SG_Normal.png
  artifactKey: Guid(d27d1c7c26e6d1b429b79e94edd8c1c2) Importer(815301076,1909f56bfc062723c751e8b465ee728b)
Start importing Assets/labObjects/goutteAgoutte/textures/cork_material_SG_Normal.png using Guid(d27d1c7c26e6d1b429b79e94edd8c1c2) Importer(815301076,1909f56bfc062723c751e8b465ee728b)  -> (artifact id: '566a6d025695d4888e16c4d4e3c23d18') in 0.022814 seconds
Number of updated asset objects reloaded before import = 0
Number of asset objects unloaded after import = 2
========================================================================
Received Import Request.
  Time since last request: 0.000035 seconds.
  path: Assets/labObjects/goutteAgoutte/textures/liquid_material_SG_Height.png
  artifactKey: Guid(4aceca97d5060d146a49abb5d9843ac8) Importer(815301076,1909f56bfc062723c751e8b465ee728b)
Start importing Assets/labObjects/goutteAgoutte/textures/liquid_material_SG_Height.png using Guid(4aceca97d5060d146a49abb5d9843ac8) Importer(815301076,1909f56bfc062723c751e8b465ee728b)  -> (artifact id: '58d420617c932db179b16b9af0fd7c3e') in 0.047373 seconds
Number of updated asset objects reloaded before import = 0
Number of asset objects unloaded after import = 2
========================================================================
Received Import Request.
  Time since last request: 0.000048 seconds.
  path: Assets/labObjects/goutteAgoutte/textures/cork_elem_material_SG_Diffuse.png
  artifactKey: Guid(3895ffc41583a244497d604accbd276c) Importer(815301076,1909f56bfc062723c751e8b465ee728b)
Start importing Assets/labObjects/goutteAgoutte/textures/cork_elem_material_SG_Diffuse.png using Guid(3895ffc41583a244497d604accbd276c) Importer(815301076,1909f56bfc062723c751e8b465ee728b)  -> (artifact id: '8c4a7ea52d27f2ee4432adee20f2e887') in 0.071427 seconds
Number of updated asset objects reloaded before import = 0
Number of asset objects unloaded after import = 2
========================================================================
Received Import Request.
  Time since last request: 37.754300 seconds.
  path: Assets/labObjects/goutteAgoutte/No Name.mat
  artifactKey: Guid(11f6a25a4f2a63e469ff1b5c73b2b660) Importer(815301076,1909f56bfc062723c751e8b465ee728b)
Start importing Assets/labObjects/goutteAgoutte/No Name.mat using Guid(11f6a25a4f2a63e469ff1b5c73b2b660) Importer(815301076,1909f56bfc062723c751e8b465ee728b)  -> (artifact id: 'bf6d732bd75368d6dd96136c3764bbbc') in 0.068706 seconds
Number of updated asset objects reloaded before import = 0
Number of asset objects unloaded after import = 1
========================================================================
Received Import Request.
  Time since last request: 487.636422 seconds.
  path: Assets/labObjects/fioles/collade/deney tüpleri.dae
  artifactKey: Guid(0950a80acd478064d8791f53171d54a5) Importer(815301076,1909f56bfc062723c751e8b465ee728b)
Start importing Assets/labObjects/fioles/collade/deney tüpleri.dae using Guid(0950a80acd478064d8791f53171d54a5) Importer(815301076,1909f56bfc062723c751e8b465ee728b)  -> (artifact id: '4169193373680bc9a75d021c2b7781bb') in 0.769627 seconds
Number of updated asset objects reloaded before import = 0
Number of asset objects unloaded after import = 170
========================================================================
Received Import Request.
  Time since last request: 35.900375 seconds.
  path: Assets/labObjects/fioles/fbx/Material.001.mat
  artifactKey: Guid(3ad0cd7d91644704b96616614c02b776) Importer(815301076,1909f56bfc062723c751e8b465ee728b)
Start importing Assets/labObjects/fioles/fbx/Material.001.mat using Guid(3ad0cd7d91644704b96616614c02b776) Importer(815301076,1909f56bfc062723c751e8b465ee728b)  -> (artifact id: 'a57be2aa05f788463064305c113f3645') in 0.057248 seconds
Number of updated asset objects reloaded before import = 0
Number of asset objects unloaded after import = 1
========================================================================
Received Import Request.
  Time since last request: 0.000050 seconds.
  path: Assets/labObjects/fioles/fbx/Material.025.mat
  artifactKey: Guid(d7e33abc114f571458abb41954d7d81a) Importer(815301076,1909f56bfc062723c751e8b465ee728b)
Start importing Assets/labObjects/fioles/fbx/Material.025.mat using Guid(d7e33abc114f571458abb41954d7d81a) Importer(815301076,1909f56bfc062723c751e8b465ee728b)  -> (artifact id: '1482cfa509c868a7b621ad443af25977') in 0.092579 seconds
Number of updated asset objects reloaded before import = 0
Number of asset objects unloaded after import = 1
========================================================================
Received Import Request.
  Time since last request: 0.000037 seconds.
  path: Assets/labObjects/fioles/fbx/Material.021.mat
  artifactKey: Guid(d17e9123f12e0c749903048edb70f4bf) Importer(815301076,1909f56bfc062723c751e8b465ee728b)
Start importing Assets/labObjects/fioles/fbx/Material.021.mat using Guid(d17e9123f12e0c749903048edb70f4bf) Importer(815301076,1909f56bfc062723c751e8b465ee728b)  -> (artifact id: '6d8383e78e58d267c2d67938cdaf393a') in 0.053276 seconds
Number of updated asset objects reloaded before import = 0
Number of asset objects unloaded after import = 1
========================================================================
Received Import Request.
  Time since last request: 0.000059 seconds.
  path: Assets/labObjects/fioles/fbx/Material.020.mat
  artifactKey: Guid(859bad53cd40a1449b9fc368ab83c561) Importer(815301076,1909f56bfc062723c751e8b465ee728b)
Start importing Assets/labObjects/fioles/fbx/Material.020.mat using Guid(859bad53cd40a1449b9fc368ab83c561) Importer(815301076,1909f56bfc062723c751e8b465ee728b)  -> (artifact id: '99759fee988753f4512579baa4a41300') in 0.049694 seconds
Number of updated asset objects reloaded before import = 0
Number of asset objects unloaded after import = 1
========================================================================
Received Import Request.
  Time since last request: 0.000060 seconds.
  path: Assets/labObjects/fioles/fbx/Material.006.mat
  artifactKey: Guid(036fa59d19989c94d89fa4a50e0fd0ff) Importer(815301076,1909f56bfc062723c751e8b465ee728b)
Start importing Assets/labObjects/fioles/fbx/Material.006.mat using Guid(036fa59d19989c94d89fa4a50e0fd0ff) Importer(815301076,1909f56bfc062723c751e8b465ee728b)  -> (artifact id: 'cdc3b7d431626085ab34d14f278166a1') in 0.059902 seconds
Number of updated asset objects reloaded before import = 0
Number of asset objects unloaded after import = 1
========================================================================
Received Import Request.
  Time since last request: 0.000044 seconds.
  path: Assets/labObjects/fioles/fbx/Material.027.mat
  artifactKey: Guid(f1b2c7134479262448825a2fbec3c871) Importer(815301076,1909f56bfc062723c751e8b465ee728b)
Start importing Assets/labObjects/fioles/fbx/Material.027.mat using Guid(f1b2c7134479262448825a2fbec3c871) Importer(815301076,1909f56bfc062723c751e8b465ee728b)  -> (artifact id: 'd18f8567de3b30a41a6ce7270ab7bfe7') in 0.052297 seconds
Number of updated asset objects reloaded before import = 0
Number of asset objects unloaded after import = 1
========================================================================
Received Import Request.
  Time since last request: 0.000032 seconds.
  path: Assets/labObjects/fioles/fbx/Material.011.mat
  artifactKey: Guid(52bf86ed7bc161d4b93067197ee593c8) Importer(815301076,1909f56bfc062723c751e8b465ee728b)
Start importing Assets/labObjects/fioles/fbx/Material.011.mat using Guid(52bf86ed7bc161d4b93067197ee593c8) Importer(815301076,1909f56bfc062723c751e8b465ee728b)  -> (artifact id: 'e2cf5548d3454067f1138f837503d21c') in 0.038099 seconds
Number of updated asset objects reloaded before import = 0
Number of asset objects unloaded after import = 2
========================================================================
Received Import Request.
  Time since last request: 0.000030 seconds.
  path: Assets/labObjects/fioles/fbx/Material.015.mat
  artifactKey: Guid(69e061b449434624d987d8f68450826c) Importer(815301076,1909f56bfc062723c751e8b465ee728b)
Start importing Assets/labObjects/fioles/fbx/Material.015.mat using Guid(69e061b449434624d987d8f68450826c) Importer(815301076,1909f56bfc062723c751e8b465ee728b)  -> (artifact id: 'f46c10c31a2f183dfb7b9ede08065bf2') in 0.032156 seconds
Number of updated asset objects reloaded before import = 0
Number of asset objects unloaded after import = 2
========================================================================
Received Import Request.
  Time since last request: 0.000064 seconds.
  path: Assets/labObjects/fioles/fbx/Material.023.mat
  artifactKey: Guid(3d4f175f763f8ed43ad8ceea0067a033) Importer(815301076,1909f56bfc062723c751e8b465ee728b)
Start importing Assets/labObjects/fioles/fbx/Material.023.mat using Guid(3d4f175f763f8ed43ad8ceea0067a033) Importer(815301076,1909f56bfc062723c751e8b465ee728b)  -> (artifact id: '1257341bc125077852c2bbb4265e3fc6') in 0.067188 seconds
Number of updated asset objects reloaded before import = 0
Number of asset objects unloaded after import = 1
========================================================================
Received Import Request.
  Time since last request: 0.000054 seconds.
  path: Assets/labObjects/fioles/fbx/Material.022.mat
  artifactKey: Guid(1583542b8169e4841b16dfe317ee0c55) Importer(815301076,1909f56bfc062723c751e8b465ee728b)
Start importing Assets/labObjects/fioles/fbx/Material.022.mat using Guid(1583542b8169e4841b16dfe317ee0c55) Importer(815301076,1909f56bfc062723c751e8b465ee728b)  -> (artifact id: 'c5b495c39da3205ccc78f59a33db0e82') in 0.043736 seconds
Number of updated asset objects reloaded before import = 0
Number of asset objects unloaded after import = 1
========================================================================
Received Import Request.
  Time since last request: 0.000110 seconds.
  path: Assets/labObjects/fioles/fbx/Material.002.mat
  artifactKey: Guid(b1ef511483dbc06448c29a8934ec8019) Importer(815301076,1909f56bfc062723c751e8b465ee728b)
Start importing Assets/labObjects/fioles/fbx/Material.002.mat using Guid(b1ef511483dbc06448c29a8934ec8019) Importer(815301076,1909f56bfc062723c751e8b465ee728b)  -> (artifact id: '17d5987075bce1621882435d725a3dad') in 0.047482 seconds
Number of updated asset objects reloaded before import = 0
Number of asset objects unloaded after import = 1
========================================================================
Received Import Request.
  Time since last request: 0.001583 seconds.
  path: Assets/labObjects/fioles/fbx/Material.008.mat
  artifactKey: Guid(e28e4a9adb095e241a12f833c8b5b6c8) Importer(815301076,1909f56bfc062723c751e8b465ee728b)
Start importing Assets/labObjects/fioles/fbx/Material.008.mat using Guid(e28e4a9adb095e241a12f833c8b5b6c8) Importer(815301076,1909f56bfc062723c751e8b465ee728b)  -> (artifact id: 'd81694e9b4259e19550a6e1865dbf77c') in 0.060552 seconds
Number of updated asset objects reloaded before import = 0
Number of asset objects unloaded after import = 1
========================================================================
Received Import Request.
  Time since last request: 0.000120 seconds.
  path: Assets/labObjects/fioles/fbx/Material.010.mat
  artifactKey: Guid(787fc0a979701e34e9deabf680292ef5) Importer(815301076,1909f56bfc062723c751e8b465ee728b)
Start importing Assets/labObjects/fioles/fbx/Material.010.mat using Guid(787fc0a979701e34e9deabf680292ef5) Importer(815301076,1909f56bfc062723c751e8b465ee728b)  -> (artifact id: 'f5b7cb89fdecdbe661d5ac332b464bae') in 0.054053 seconds
Number of updated asset objects reloaded before import = 0
Number of asset objects unloaded after import = 1
========================================================================
Received Import Request.
  Time since last request: 0.000048 seconds.
  path: Assets/labObjects/fioles/fbx/Material.030.mat
  artifactKey: Guid(36645863d80194648a3dd26f0804810f) Importer(815301076,1909f56bfc062723c751e8b465ee728b)
Start importing Assets/labObjects/fioles/fbx/Material.030.mat using Guid(36645863d80194648a3dd26f0804810f) Importer(815301076,1909f56bfc062723c751e8b465ee728b)  -> (artifact id: '70a9556c4562a78036e30af1effafe63') in 0.054167 seconds
Number of updated asset objects reloaded before import = 0
Number of asset objects unloaded after import = 1
========================================================================
Received Import Request.
  Time since last request: 0.000171 seconds.
  path: Assets/labObjects/fioles/fbx/Material.013.mat
  artifactKey: Guid(03fa29d148df66a43b75d264d29aeed3) Importer(815301076,1909f56bfc062723c751e8b465ee728b)
Start importing Assets/labObjects/fioles/fbx/Material.013.mat using Guid(03fa29d148df66a43b75d264d29aeed3) Importer(815301076,1909f56bfc062723c751e8b465ee728b)  -> (artifact id: 'a6a0917a99ae00c8c09e034fc08ae774') in 0.048667 seconds
Number of updated asset objects reloaded before import = 0
Number of asset objects unloaded after import = 2
========================================================================
Received Import Request.
  Time since last request: 0.000041 seconds.
  path: Assets/labObjects/fioles/fbx/Material.017.mat
  artifactKey: Guid(88cb57855fa631b4faed9b50ef6617c5) Importer(815301076,1909f56bfc062723c751e8b465ee728b)
Start importing Assets/labObjects/fioles/fbx/Material.017.mat using Guid(88cb57855fa631b4faed9b50ef6617c5) Importer(815301076,1909f56bfc062723c751e8b465ee728b)  -> (artifact id: '47c304d227bc64e8517902b21eb8a808') in 0.051365 seconds
Number of updated asset objects reloaded before import = 0
Number of asset objects unloaded after import = 1
========================================================================
Received Import Request.
  Time since last request: 0.000141 seconds.
  path: Assets/labObjects/fioles/fbx/Material.029.mat
  artifactKey: Guid(2f0156020511fa841b92edae3a4e8864) Importer(815301076,1909f56bfc062723c751e8b465ee728b)
Start importing Assets/labObjects/fioles/fbx/Material.029.mat using Guid(2f0156020511fa841b92edae3a4e8864) Importer(815301076,1909f56bfc062723c751e8b465ee728b)  -> (artifact id: 'af81a5659095794aa6a2be2b026edb8c') in 0.049207 seconds
Number of updated asset objects reloaded before import = 0
Number of asset objects unloaded after import = 1
========================================================================
Received Import Request.
  Time since last request: 0.000176 seconds.
  path: Assets/labObjects/fioles/fbx/Material.014.mat
  artifactKey: Guid(74af7c02ac634f142abfaf1ce61ff60d) Importer(815301076,1909f56bfc062723c751e8b465ee728b)
Start importing Assets/labObjects/fioles/fbx/Material.014.mat using Guid(74af7c02ac634f142abfaf1ce61ff60d) Importer(815301076,1909f56bfc062723c751e8b465ee728b)  -> (artifact id: '4ec9771e2b2a0c8359091ad021df745d') in 0.048054 seconds
Number of updated asset objects reloaded before import = 0
Number of asset objects unloaded after import = 2
========================================================================
Received Import Request.
  Time since last request: 0.000101 seconds.
  path: Assets/labObjects/fioles/fbx/Material.024.mat
  artifactKey: Guid(b95b8813d92e71c439dc3b7fde69bca6) Importer(815301076,1909f56bfc062723c751e8b465ee728b)
Start importing Assets/labObjects/fioles/fbx/Material.024.mat using Guid(b95b8813d92e71c439dc3b7fde69bca6) Importer(815301076,1909f56bfc062723c751e8b465ee728b)  -> (artifact id: '964ca2e19c69ddf4d7800ef1a413b867') in 0.052030 seconds
Number of updated asset objects reloaded before import = 0
Number of asset objects unloaded after import = 1
========================================================================
Received Import Request.
  Time since last request: 0.000066 seconds.
  path: Assets/labObjects/fioles/fbx/Material.019.mat
  artifactKey: Guid(c9610b545b09b6f4487c67090b2232ae) Importer(815301076,1909f56bfc062723c751e8b465ee728b)
Start importing Assets/labObjects/fioles/fbx/Material.019.mat using Guid(c9610b545b09b6f4487c67090b2232ae) Importer(815301076,1909f56bfc062723c751e8b465ee728b)  -> (artifact id: 'afd490907fe1341bab551427d7c4e9bd') in 0.040474 seconds
Number of updated asset objects reloaded before import = 0
Number of asset objects unloaded after import = 1
========================================================================
Received Import Request.
  Time since last request: 0.000032 seconds.
  path: Assets/labObjects/fioles/fbx/Material.018.mat
  artifactKey: Guid(cb80eee754b2ecb48b81344c3a92a969) Importer(815301076,1909f56bfc062723c751e8b465ee728b)
Start importing Assets/labObjects/fioles/fbx/Material.018.mat using Guid(cb80eee754b2ecb48b81344c3a92a969) Importer(815301076,1909f56bfc062723c751e8b465ee728b)  -> (artifact id: '7681667d4eb82f236b8ade862c4db0e6') in 0.061400 seconds
Number of updated asset objects reloaded before import = 0
Number of asset objects unloaded after import = 1
========================================================================
Received Import Request.
  Time since last request: 0.000064 seconds.
  path: Assets/labObjects/fioles/fbx/Material.028.mat
  artifactKey: Guid(d55b3e2bd69019546aa1dc95c944ac5b) Importer(815301076,1909f56bfc062723c751e8b465ee728b)
Start importing Assets/labObjects/fioles/fbx/Material.028.mat using Guid(d55b3e2bd69019546aa1dc95c944ac5b) Importer(815301076,1909f56bfc062723c751e8b465ee728b)  -> (artifact id: 'd643659c6191aba47f1637eef8fe6936') in 0.042953 seconds
Number of updated asset objects reloaded before import = 0
Number of asset objects unloaded after import = 1
========================================================================
Received Prepare
Begin MonoManager ReloadAssembly
- Loaded All Assemblies, in  0.568 seconds
Refreshing native plugins compatible for Editor in 5.11 ms, found 3 plugins.
Native extension for WindowsStandalone target not found
[Package Manager] Server::EnsureServerProcessIsRunning -- launch failed, reason: Unity was launched with the -noUpm command-line argument
[Package Manager] UpmClient::Send -- Unable to send message (not connected to UPM process).
[Package Manager] Cannot connect to Unity Package Manager local server
Mono: successfully reloaded assembly
- Finished resetting the current domain, in  2.205 seconds
Domain Reload Profiling: 2771ms
	BeginReloadAssembly (183ms)
		ExecutionOrderSort (0ms)
		DisableScriptedObjects (4ms)
		BackupInstance (0ms)
		ReleaseScriptingObjects (0ms)
		CreateAndSetChildDomain (51ms)
	RebuildCommonClasses (39ms)
	RebuildNativeTypeToScriptingClass (16ms)
	initialDomainReloadingComplete (42ms)
	LoadAllAssembliesAndSetupDomain (285ms)
		LoadAssemblies (356ms)
		RebuildTransferFunctionScriptingTraits (0ms)
		AnalyzeDomain (22ms)
			TypeCache.Refresh (13ms)
				TypeCache.ScanAssembly (0ms)
			ScanForSourceGeneratedMonoScriptInfo (1ms)
			ResolveRequiredComponents (5ms)
	FinalizeReload (2206ms)
		ReleaseScriptCaches (0ms)
		RebuildScriptCaches (0ms)
		SetupLoadedEditorAssemblies (1010ms)
			LogAssemblyErrors (0ms)
			InitializePlatformSupportModulesInManaged (13ms)
			SetLoadedEditorAssemblies (8ms)
			RefreshPlugins (0ms)
			BeforeProcessingInitializeOnLoad (140ms)
			ProcessInitializeOnLoadAttributes (762ms)
			ProcessInitializeOnLoadMethodAttributes (69ms)
			AfterProcessingInitializeOnLoad (18ms)
			EditorAssembliesLoaded (1ms)
		ExecutionOrderSort2 (0ms)
		AwakeInstancesAfterBackupRestoration (20ms)
Refreshing native plugins compatible for Editor in 7.86 ms, found 3 plugins.
Preloading 0 native plugins for Editor in 0.00 ms.
Unloading 3085 Unused Serialized files (Serialized files now loaded: 0)
Unloading 22 unused Assets / (30.2 KB). Loaded Objects now: 3619.
Memory consumption went from 137.9 MB to 137.8 MB.
Total: 6.515000 ms (FindLiveObjects: 0.464900 ms CreateObjectMapping: 0.338800 ms MarkObjects: 5.546400 ms  DeleteObjects: 0.162100 ms)

Prepare: number of updated asset objects reloaded= 0
AssetImportParameters requested are different than current active one (requested -> active):
  custom:container-demuxer-ogg: 62fdf1f143b41e24485cea50d1cbac27 -> 
  custom:video-decoder-ogg-theora: a1e56fd34408186e4bbccfd4996cb3dc -> 
  custom:framework-win-MediaFoundation: 216162199b28c13a410421893ffa2e32 -> 
  custom:CustomObjectIndexerAttribute: 6d391050e5a25f67b0a2c618074f2cd9 -> 
  custom:container-demuxer-webm: 4f35f7cbe854078d1ac9338744f61a02 -> 
  custom:container-muxer-webm: aa71ff27fc2769a1b78a27578f13a17b -> 
  custom:video-decoder-webm-vp8: 9c59270c3fd7afecdb556c50c9e8de78 -> 
  custom:SearchIndexIgnoredProperties: e643bd26f0fe6173181afceb89e7c659 -> 
  custom:AudioImporter_EditorPlatform: d09bf68614088b80899f8185d706f6e7 -> 
  custom:video-encoder-webm-vp8: eb34c28f22e8b96e1ab97ce403110664 -> 
  custom:audio-decoder-ogg-vorbis: bf7c407c2cedff20999df2af8eb42d56 -> 
  custom:audio-encoder-webm-vorbis: bf7c407c2cedff20999df2af8eb42d56 -> 
========================================================================
Received Prepare
Begin MonoManager ReloadAssembly
- Loaded All Assemblies, in  0.468 seconds
Refreshing native plugins compatible for Editor in 5.34 ms, found 3 plugins.
Native extension for WindowsStandalone target not found
[Package Manager] Server::EnsureServerProcessIsRunning -- launch failed, reason: Unity was launched with the -noUpm command-line argument
[Package Manager] UpmClient::Send -- Unable to send message (not connected to UPM process).
[Package Manager] Cannot connect to Unity Package Manager local server
Mono: successfully reloaded assembly
- Finished resetting the current domain, in  1.760 seconds
Domain Reload Profiling: 2227ms
	BeginReloadAssembly (166ms)
		ExecutionOrderSort (0ms)
		DisableScriptedObjects (5ms)
		BackupInstance (0ms)
		ReleaseScriptingObjects (0ms)
		CreateAndSetChildDomain (41ms)
	RebuildCommonClasses (34ms)
	RebuildNativeTypeToScriptingClass (13ms)
	initialDomainReloadingComplete (38ms)
	LoadAllAssembliesAndSetupDomain (214ms)
		LoadAssemblies (283ms)
		RebuildTransferFunctionScriptingTraits (0ms)
		AnalyzeDomain (18ms)
			TypeCache.Refresh (8ms)
				TypeCache.ScanAssembly (0ms)
			ScanForSourceGeneratedMonoScriptInfo (0ms)
			ResolveRequiredComponents (7ms)
	FinalizeReload (1761ms)
		ReleaseScriptCaches (0ms)
		RebuildScriptCaches (0ms)
		SetupLoadedEditorAssemblies (950ms)
			LogAssemblyErrors (0ms)
			InitializePlatformSupportModulesInManaged (14ms)
			SetLoadedEditorAssemblies (11ms)
			RefreshPlugins (0ms)
			BeforeProcessingInitializeOnLoad (130ms)
			ProcessInitializeOnLoadAttributes (718ms)
			ProcessInitializeOnLoadMethodAttributes (63ms)
			AfterProcessingInitializeOnLoad (14ms)
			EditorAssembliesLoaded (0ms)
		ExecutionOrderSort2 (0ms)
		AwakeInstancesAfterBackupRestoration (17ms)
Refreshing native plugins compatible for Editor in 9.18 ms, found 3 plugins.
Preloading 0 native plugins for Editor in 0.00 ms.
Unloading 3085 Unused Serialized files (Serialized files now loaded: 0)
Unloading 22 unused Assets / (30.2 KB). Loaded Objects now: 3622.
Memory consumption went from 139.8 MB to 139.8 MB.
Total: 9.302400 ms (FindLiveObjects: 0.944000 ms CreateObjectMapping: 1.286900 ms MarkObjects: 6.981200 ms  DeleteObjects: 0.086800 ms)

Prepare: number of updated asset objects reloaded= 0
AssetImportParameters requested are different than current active one (requested -> active):
  custom:container-demuxer-ogg: 62fdf1f143b41e24485cea50d1cbac27 -> 
  custom:video-decoder-ogg-theora: a1e56fd34408186e4bbccfd4996cb3dc -> 
  custom:framework-win-MediaFoundation: 216162199b28c13a410421893ffa2e32 -> 
  custom:CustomObjectIndexerAttribute: 6d391050e5a25f67b0a2c618074f2cd9 -> 
  custom:container-demuxer-webm: 4f35f7cbe854078d1ac9338744f61a02 -> 
  custom:container-muxer-webm: aa71ff27fc2769a1b78a27578f13a17b -> 
  custom:video-decoder-webm-vp8: 9c59270c3fd7afecdb556c50c9e8de78 -> 
  custom:SearchIndexIgnoredProperties: e643bd26f0fe6173181afceb89e7c659 -> 
  custom:AudioImporter_EditorPlatform: d09bf68614088b80899f8185d706f6e7 -> 
  custom:video-encoder-webm-vp8: eb34c28f22e8b96e1ab97ce403110664 -> 
  custom:audio-decoder-ogg-vorbis: bf7c407c2cedff20999df2af8eb42d56 -> 
  custom:audio-encoder-webm-vorbis: bf7c407c2cedff20999df2af8eb42d56 -> 
========================================================================
Received Prepare
Begin MonoManager ReloadAssembly
- Loaded All Assemblies, in  0.504 seconds
Refreshing native plugins compatible for Editor in 4.21 ms, found 3 plugins.
Native extension for WindowsStandalone target not found
[Package Manager] Server::EnsureServerProcessIsRunning -- launch failed, reason: Unity was launched with the -noUpm command-line argument
[Package Manager] UpmClient::Send -- Unable to send message (not connected to UPM process).
[Package Manager] Cannot connect to Unity Package Manager local server
Mono: successfully reloaded assembly
- Finished resetting the current domain, in  1.713 seconds
Domain Reload Profiling: 2216ms
	BeginReloadAssembly (181ms)
		ExecutionOrderSort (0ms)
		DisableScriptedObjects (7ms)
		BackupInstance (0ms)
		ReleaseScriptingObjects (0ms)
		CreateAndSetChildDomain (42ms)
	RebuildCommonClasses (34ms)
	RebuildNativeTypeToScriptingClass (12ms)
	initialDomainReloadingComplete (33ms)
	LoadAllAssembliesAndSetupDomain (241ms)
		LoadAssemblies (323ms)
		RebuildTransferFunctionScriptingTraits (0ms)
		AnalyzeDomain (15ms)
			TypeCache.Refresh (8ms)
				TypeCache.ScanAssembly (0ms)
			ScanForSourceGeneratedMonoScriptInfo (0ms)
			ResolveRequiredComponents (5ms)
	FinalizeReload (1715ms)
		ReleaseScriptCaches (0ms)
		RebuildScriptCaches (0ms)
		SetupLoadedEditorAssemblies (918ms)
			LogAssemblyErrors (0ms)
			InitializePlatformSupportModulesInManaged (10ms)
			SetLoadedEditorAssemblies (8ms)
			RefreshPlugins (0ms)
			BeforeProcessingInitializeOnLoad (123ms)
			ProcessInitializeOnLoadAttributes (708ms)
			ProcessInitializeOnLoadMethodAttributes (54ms)
			AfterProcessingInitializeOnLoad (15ms)
			EditorAssembliesLoaded (0ms)
		ExecutionOrderSort2 (0ms)
		AwakeInstancesAfterBackupRestoration (19ms)
Refreshing native plugins compatible for Editor in 7.83 ms, found 3 plugins.
Preloading 0 native plugins for Editor in 0.00 ms.
Unloading 3085 Unused Serialized files (Serialized files now loaded: 0)
Unloading 22 unused Assets / (30.1 KB). Loaded Objects now: 3625.
Memory consumption went from 141.7 MB to 141.7 MB.
Total: 5.942600 ms (FindLiveObjects: 0.443400 ms CreateObjectMapping: 0.739700 ms MarkObjects: 4.673600 ms  DeleteObjects: 0.082700 ms)

Prepare: number of updated asset objects reloaded= 0
AssetImportParameters requested are different than current active one (requested -> active):
  custom:container-demuxer-ogg: 62fdf1f143b41e24485cea50d1cbac27 -> 
  custom:video-decoder-ogg-theora: a1e56fd34408186e4bbccfd4996cb3dc -> 
  custom:framework-win-MediaFoundation: 216162199b28c13a410421893ffa2e32 -> 
  custom:CustomObjectIndexerAttribute: 6d391050e5a25f67b0a2c618074f2cd9 -> 
  custom:container-demuxer-webm: 4f35f7cbe854078d1ac9338744f61a02 -> 
  custom:container-muxer-webm: aa71ff27fc2769a1b78a27578f13a17b -> 
  custom:video-decoder-webm-vp8: 9c59270c3fd7afecdb556c50c9e8de78 -> 
  custom:SearchIndexIgnoredProperties: e643bd26f0fe6173181afceb89e7c659 -> 
  custom:AudioImporter_EditorPlatform: d09bf68614088b80899f8185d706f6e7 -> 
  custom:video-encoder-webm-vp8: eb34c28f22e8b96e1ab97ce403110664 -> 
  custom:audio-decoder-ogg-vorbis: bf7c407c2cedff20999df2af8eb42d56 -> 
  custom:audio-encoder-webm-vorbis: bf7c407c2cedff20999df2af8eb42d56 -> 
========================================================================
Received Prepare
Begin MonoManager ReloadAssembly
- Loaded All Assemblies, in  0.534 seconds
Refreshing native plugins compatible for Editor in 4.19 ms, found 3 plugins.
Native extension for WindowsStandalone target not found
[Package Manager] Server::EnsureServerProcessIsRunning -- launch failed, reason: Unity was launched with the -noUpm command-line argument
[Package Manager] UpmClient::Send -- Unable to send message (not connected to UPM process).
[Package Manager] Cannot connect to Unity Package Manager local server
Mono: successfully reloaded assembly
- Finished resetting the current domain, in  1.838 seconds
Domain Reload Profiling: 2370ms
	BeginReloadAssembly (196ms)
		ExecutionOrderSort (0ms)
		DisableScriptedObjects (5ms)
		BackupInstance (0ms)
		ReleaseScriptingObjects (0ms)
		CreateAndSetChildDomain (55ms)
	RebuildCommonClasses (46ms)
	RebuildNativeTypeToScriptingClass (12ms)
	initialDomainReloadingComplete (33ms)
	LoadAllAssembliesAndSetupDomain (244ms)
		LoadAssemblies (328ms)
		RebuildTransferFunctionScriptingTraits (0ms)
		AnalyzeDomain (17ms)
			TypeCache.Refresh (8ms)
				TypeCache.ScanAssembly (0ms)
			ScanForSourceGeneratedMonoScriptInfo (0ms)
			ResolveRequiredComponents (6ms)
	FinalizeReload (1839ms)
		ReleaseScriptCaches (0ms)
		RebuildScriptCaches (0ms)
		SetupLoadedEditorAssemblies (1008ms)
			LogAssemblyErrors (0ms)
			InitializePlatformSupportModulesInManaged (13ms)
			SetLoadedEditorAssemblies (14ms)
			RefreshPlugins (0ms)
			BeforeProcessingInitializeOnLoad (137ms)
			ProcessInitializeOnLoadAttributes (755ms)
			ProcessInitializeOnLoadMethodAttributes (71ms)
			AfterProcessingInitializeOnLoad (17ms)
			EditorAssembliesLoaded (1ms)
		ExecutionOrderSort2 (0ms)
		AwakeInstancesAfterBackupRestoration (26ms)
Refreshing native plugins compatible for Editor in 8.87 ms, found 3 plugins.
Preloading 0 native plugins for Editor in 0.00 ms.
Unloading 3085 Unused Serialized files (Serialized files now loaded: 0)
Unloading 22 unused Assets / (30.3 KB). Loaded Objects now: 3628.
Memory consumption went from 143.6 MB to 143.6 MB.
Total: 6.844100 ms (FindLiveObjects: 0.785600 ms CreateObjectMapping: 0.263200 ms MarkObjects: 5.522800 ms  DeleteObjects: 0.267700 ms)

Prepare: number of updated asset objects reloaded= 0
AssetImportParameters requested are different than current active one (requested -> active):
  custom:container-demuxer-ogg: 62fdf1f143b41e24485cea50d1cbac27 -> 
  custom:video-decoder-ogg-theora: a1e56fd34408186e4bbccfd4996cb3dc -> 
  custom:framework-win-MediaFoundation: 216162199b28c13a410421893ffa2e32 -> 
  custom:CustomObjectIndexerAttribute: 6d391050e5a25f67b0a2c618074f2cd9 -> 
  custom:container-demuxer-webm: 4f35f7cbe854078d1ac9338744f61a02 -> 
  custom:container-muxer-webm: aa71ff27fc2769a1b78a27578f13a17b -> 
  custom:video-decoder-webm-vp8: 9c59270c3fd7afecdb556c50c9e8de78 -> 
  custom:SearchIndexIgnoredProperties: e643bd26f0fe6173181afceb89e7c659 -> 
  custom:AudioImporter_EditorPlatform: d09bf68614088b80899f8185d706f6e7 -> 
  custom:video-encoder-webm-vp8: eb34c28f22e8b96e1ab97ce403110664 -> 
  custom:audio-decoder-ogg-vorbis: bf7c407c2cedff20999df2af8eb42d56 -> 
  custom:audio-encoder-webm-vorbis: bf7c407c2cedff20999df2af8eb42d56 -> 
========================================================================
Received Prepare
Begin MonoManager ReloadAssembly
- Loaded All Assemblies, in  0.511 seconds
Refreshing native plugins compatible for Editor in 3.76 ms, found 3 plugins.
Native extension for WindowsStandalone target not found
[Package Manager] Server::EnsureServerProcessIsRunning -- launch failed, reason: Unity was launched with the -noUpm command-line argument
[Package Manager] UpmClient::Send -- Unable to send message (not connected to UPM process).
[Package Manager] Cannot connect to Unity Package Manager local server
Mono: successfully reloaded assembly
- Finished resetting the current domain, in  1.764 seconds
Domain Reload Profiling: 2273ms
	BeginReloadAssembly (189ms)
		ExecutionOrderSort (0ms)
		DisableScriptedObjects (6ms)
		BackupInstance (0ms)
		ReleaseScriptingObjects (0ms)
		CreateAndSetChildDomain (49ms)
	RebuildCommonClasses (35ms)
	RebuildNativeTypeToScriptingClass (13ms)
	initialDomainReloadingComplete (34ms)
	LoadAllAssembliesAndSetupDomain (238ms)
		LoadAssemblies (315ms)
		RebuildTransferFunctionScriptingTraits (0ms)
		AnalyzeDomain (19ms)
			TypeCache.Refresh (9ms)
				TypeCache.ScanAssembly (0ms)
			ScanForSourceGeneratedMonoScriptInfo (0ms)
			ResolveRequiredComponents (7ms)
	FinalizeReload (1765ms)
		ReleaseScriptCaches (0ms)
		RebuildScriptCaches (0ms)
		SetupLoadedEditorAssemblies (1001ms)
			LogAssemblyErrors (0ms)
			InitializePlatformSupportModulesInManaged (16ms)
			SetLoadedEditorAssemblies (12ms)
			RefreshPlugins (0ms)
			BeforeProcessingInitializeOnLoad (157ms)
			ProcessInitializeOnLoadAttributes (733ms)
			ProcessInitializeOnLoadMethodAttributes (69ms)
			AfterProcessingInitializeOnLoad (13ms)
			EditorAssembliesLoaded (0ms)
		ExecutionOrderSort2 (0ms)
		AwakeInstancesAfterBackupRestoration (20ms)
Refreshing native plugins compatible for Editor in 8.42 ms, found 3 plugins.
Preloading 0 native plugins for Editor in 0.00 ms.
Unloading 3085 Unused Serialized files (Serialized files now loaded: 0)
Unloading 22 unused Assets / (30.2 KB). Loaded Objects now: 3631.
Memory consumption went from 145.6 MB to 145.5 MB.
Total: 5.529800 ms (FindLiveObjects: 0.852300 ms CreateObjectMapping: 0.299500 ms MarkObjects: 4.147900 ms  DeleteObjects: 0.224700 ms)

Prepare: number of updated asset objects reloaded= 0
AssetImportParameters requested are different than current active one (requested -> active):
  custom:container-demuxer-ogg: 62fdf1f143b41e24485cea50d1cbac27 -> 
  custom:video-decoder-ogg-theora: a1e56fd34408186e4bbccfd4996cb3dc -> 
  custom:framework-win-MediaFoundation: 216162199b28c13a410421893ffa2e32 -> 
  custom:CustomObjectIndexerAttribute: 6d391050e5a25f67b0a2c618074f2cd9 -> 
  custom:container-demuxer-webm: 4f35f7cbe854078d1ac9338744f61a02 -> 
  custom:container-muxer-webm: aa71ff27fc2769a1b78a27578f13a17b -> 
  custom:video-decoder-webm-vp8: 9c59270c3fd7afecdb556c50c9e8de78 -> 
  custom:SearchIndexIgnoredProperties: e643bd26f0fe6173181afceb89e7c659 -> 
  custom:AudioImporter_EditorPlatform: d09bf68614088b80899f8185d706f6e7 -> 
  custom:video-encoder-webm-vp8: eb34c28f22e8b96e1ab97ce403110664 -> 
  custom:audio-decoder-ogg-vorbis: bf7c407c2cedff20999df2af8eb42d56 -> 
  custom:audio-encoder-webm-vorbis: bf7c407c2cedff20999df2af8eb42d56 -> 
========================================================================
Received Import Request.
  Time since last request: 641.711761 seconds.
  path: Assets/labObjects/fioles/fbx/Material.003.mat
  artifactKey: Guid(1de5971a444fd404e89b0942859211c1) Importer(815301076,1909f56bfc062723c751e8b465ee728b)
Start importing Assets/labObjects/fioles/fbx/Material.003.mat using Guid(1de5971a444fd404e89b0942859211c1) Importer(815301076,1909f56bfc062723c751e8b465ee728b)  -> (artifact id: '093ddbaa50a01d4e54769b96f6bd6554') in 0.172284 seconds
Number of updated asset objects reloaded before import = 0
Number of asset objects unloaded after import = 1
========================================================================
Received Import Request.
  Time since last request: 0.000032 seconds.
  path: Assets/labObjects/fioles/fbx/Material.025.mat
  artifactKey: Guid(d7e33abc114f571458abb41954d7d81a) Importer(815301076,1909f56bfc062723c751e8b465ee728b)
Start importing Assets/labObjects/fioles/fbx/Material.025.mat using Guid(d7e33abc114f571458abb41954d7d81a) Importer(815301076,1909f56bfc062723c751e8b465ee728b)  -> (artifact id: 'bc83938906c563239130792a29a8ba5f') in 0.033683 seconds
Number of updated asset objects reloaded before import = 0
Number of asset objects unloaded after import = 1
========================================================================
Received Import Request.
  Time since last request: 0.000046 seconds.
  path: Assets/labObjects/fioles/fbx/Material.021.mat
  artifactKey: Guid(d17e9123f12e0c749903048edb70f4bf) Importer(815301076,1909f56bfc062723c751e8b465ee728b)
Start importing Assets/labObjects/fioles/fbx/Material.021.mat using Guid(d17e9123f12e0c749903048edb70f4bf) Importer(815301076,1909f56bfc062723c751e8b465ee728b)  -> (artifact id: 'c76dfbd9eda916992a6f9efb9049eec2') in 0.055966 seconds
Number of updated asset objects reloaded before import = 0
Number of asset objects unloaded after import = 1
========================================================================
Received Import Request.
  Time since last request: 0.000044 seconds.
  path: Assets/labObjects/fioles/fbx/Material.020.mat
  artifactKey: Guid(859bad53cd40a1449b9fc368ab83c561) Importer(815301076,1909f56bfc062723c751e8b465ee728b)
Start importing Assets/labObjects/fioles/fbx/Material.020.mat using Guid(859bad53cd40a1449b9fc368ab83c561) Importer(815301076,1909f56bfc062723c751e8b465ee728b)  -> (artifact id: '754e15645269a0dd6780fba28d8e8cd1') in 0.043355 seconds
Number of updated asset objects reloaded before import = 0
Number of asset objects unloaded after import = 1
========================================================================
Received Import Request.
  Time since last request: 0.000081 seconds.
  path: Assets/labObjects/fioles/fbx/Material.006.mat
  artifactKey: Guid(036fa59d19989c94d89fa4a50e0fd0ff) Importer(815301076,1909f56bfc062723c751e8b465ee728b)
Start importing Assets/labObjects/fioles/fbx/Material.006.mat using Guid(036fa59d19989c94d89fa4a50e0fd0ff) Importer(815301076,1909f56bfc062723c751e8b465ee728b)  -> (artifact id: '9947683e54bcd8c4d08f6b66c729699a') in 0.051925 seconds
Number of updated asset objects reloaded before import = 0
Number of asset objects unloaded after import = 1
========================================================================
Received Import Request.
  Time since last request: 0.000102 seconds.
  path: Assets/labObjects/fioles/fbx/Material.027.mat
  artifactKey: Guid(f1b2c7134479262448825a2fbec3c871) Importer(815301076,1909f56bfc062723c751e8b465ee728b)
Start importing Assets/labObjects/fioles/fbx/Material.027.mat using Guid(f1b2c7134479262448825a2fbec3c871) Importer(815301076,1909f56bfc062723c751e8b465ee728b)  -> (artifact id: '111521b5662aa8e665a2c48ad4fea094') in 0.054718 seconds
Number of updated asset objects reloaded before import = 0
Number of asset objects unloaded after import = 1
========================================================================
Received Import Request.
  Time since last request: 0.000030 seconds.
  path: Assets/labObjects/fioles/fbx/Material.023.mat
  artifactKey: Guid(3d4f175f763f8ed43ad8ceea0067a033) Importer(815301076,1909f56bfc062723c751e8b465ee728b)
Start importing Assets/labObjects/fioles/fbx/Material.023.mat using Guid(3d4f175f763f8ed43ad8ceea0067a033) Importer(815301076,1909f56bfc062723c751e8b465ee728b)  -> (artifact id: 'e9454a75f1e3457bd715433f783b3b8c') in 0.031670 seconds
Number of updated asset objects reloaded before import = 0
Number of asset objects unloaded after import = 1
========================================================================
Received Import Request.
  Time since last request: 0.000107 seconds.
  path: Assets/labObjects/fioles/fbx/Material.030.mat
  artifactKey: Guid(36645863d80194648a3dd26f0804810f) Importer(815301076,1909f56bfc062723c751e8b465ee728b)
Start importing Assets/labObjects/fioles/fbx/Material.030.mat using Guid(36645863d80194648a3dd26f0804810f) Importer(815301076,1909f56bfc062723c751e8b465ee728b)  -> (artifact id: '0ad360cd558626c224b5ef3b7b9a6e61') in 0.025847 seconds
Number of updated asset objects reloaded before import = 0
Number of asset objects unloaded after import = 1
========================================================================
Received Import Request.
  Time since last request: 0.000039 seconds.
  path: Assets/labObjects/fioles/fbx/Material.022.mat
  artifactKey: Guid(1583542b8169e4841b16dfe317ee0c55) Importer(815301076,1909f56bfc062723c751e8b465ee728b)
Start importing Assets/labObjects/fioles/fbx/Material.022.mat using Guid(1583542b8169e4841b16dfe317ee0c55) Importer(815301076,1909f56bfc062723c751e8b465ee728b)  -> (artifact id: '53ed1d8802cb1b22979b09f652e4e6e9') in 0.025315 seconds
Number of updated asset objects reloaded before import = 0
Number of asset objects unloaded after import = 1
========================================================================
Received Import Request.
  Time since last request: 0.000060 seconds.
  path: Assets/labObjects/fioles/fbx/Material.008.mat
  artifactKey: Guid(e28e4a9adb095e241a12f833c8b5b6c8) Importer(815301076,1909f56bfc062723c751e8b465ee728b)
Start importing Assets/labObjects/fioles/fbx/Material.008.mat using Guid(e28e4a9adb095e241a12f833c8b5b6c8) Importer(815301076,1909f56bfc062723c751e8b465ee728b)  -> (artifact id: '2eb7c677ffade0d589bd88e4639a0f69') in 0.025055 seconds
Number of updated asset objects reloaded before import = 0
Number of asset objects unloaded after import = 1
========================================================================
Received Import Request.
  Time since last request: 0.000029 seconds.
  path: Assets/labObjects/fioles/fbx/Material.010.mat
  artifactKey: Guid(787fc0a979701e34e9deabf680292ef5) Importer(815301076,1909f56bfc062723c751e8b465ee728b)
Start importing Assets/labObjects/fioles/fbx/Material.010.mat using Guid(787fc0a979701e34e9deabf680292ef5) Importer(815301076,1909f56bfc062723c751e8b465ee728b)  -> (artifact id: '92043a29c3bdba70d5b95edd89cdbf85') in 0.026800 seconds
Number of updated asset objects reloaded before import = 0
Number of asset objects unloaded after import = 1
========================================================================
Received Import Request.
  Time since last request: 0.000028 seconds.
  path: Assets/labObjects/fioles/fbx/Material.017.mat
  artifactKey: Guid(88cb57855fa631b4faed9b50ef6617c5) Importer(815301076,1909f56bfc062723c751e8b465ee728b)
Start importing Assets/labObjects/fioles/fbx/Material.017.mat using Guid(88cb57855fa631b4faed9b50ef6617c5) Importer(815301076,1909f56bfc062723c751e8b465ee728b)  -> (artifact id: '87adee0f91931c88b0f7946bb361b7d0') in 0.025543 seconds
Number of updated asset objects reloaded before import = 0
Number of asset objects unloaded after import = 1
========================================================================
Received Import Request.
  Time since last request: 0.000034 seconds.
  path: Assets/labObjects/fioles/fbx/Material.029.mat
  artifactKey: Guid(2f0156020511fa841b92edae3a4e8864) Importer(815301076,1909f56bfc062723c751e8b465ee728b)
Start importing Assets/labObjects/fioles/fbx/Material.029.mat using Guid(2f0156020511fa841b92edae3a4e8864) Importer(815301076,1909f56bfc062723c751e8b465ee728b)  -> (artifact id: '4f496d7979b1c919f9890c3ee3c6fd66') in 0.028646 seconds
Number of updated asset objects reloaded before import = 0
Number of asset objects unloaded after import = 1
========================================================================
Received Import Request.
  Time since last request: 0.000090 seconds.
  path: Assets/labObjects/fioles/fbx/Material.024.mat
  artifactKey: Guid(b95b8813d92e71c439dc3b7fde69bca6) Importer(815301076,1909f56bfc062723c751e8b465ee728b)
Start importing Assets/labObjects/fioles/fbx/Material.024.mat using Guid(b95b8813d92e71c439dc3b7fde69bca6) Importer(815301076,1909f56bfc062723c751e8b465ee728b)  -> (artifact id: '83bc359fc7e274071db63b4bd1a9992f') in 0.025402 seconds
Number of updated asset objects reloaded before import = 0
Number of asset objects unloaded after import = 1
========================================================================
Received Import Request.
  Time since last request: 0.000034 seconds.
  path: Assets/labObjects/fioles/fbx/Material.019.mat
  artifactKey: Guid(c9610b545b09b6f4487c67090b2232ae) Importer(815301076,1909f56bfc062723c751e8b465ee728b)
Start importing Assets/labObjects/fioles/fbx/Material.019.mat using Guid(c9610b545b09b6f4487c67090b2232ae) Importer(815301076,1909f56bfc062723c751e8b465ee728b)  -> (artifact id: 'db7e4d1fabbfc2a93ee9108e3d0fca8e') in 0.025782 seconds
Number of updated asset objects reloaded before import = 0
Number of asset objects unloaded after import = 1
========================================================================
Received Import Request.
  Time since last request: 0.000095 seconds.
  path: Assets/labObjects/fioles/fbx/Material.026.mat
  artifactKey: Guid(da02dd3c260e876439d6c957a5716cb0) Importer(815301076,1909f56bfc062723c751e8b465ee728b)
Start importing Assets/labObjects/fioles/fbx/Material.026.mat using Guid(da02dd3c260e876439d6c957a5716cb0) Importer(815301076,1909f56bfc062723c751e8b465ee728b)  -> (artifact id: 'a10ae892ca4e26eb71bc06698c6df711') in 0.028557 seconds
Number of updated asset objects reloaded before import = 0
Number of asset objects unloaded after import = 1
