Using pre-set license
Built from '2022.3/staging' branch; Version is '2022.3.19f1 (244b723c30a6) revision 2378610'; Using compiler version '192829333'; Build Type 'Release'
OS: 'Windows 11  (10.0.22631) 64bit Core' Language: 'fr' Physical Memory: 16163 MB
BatchMode: 1, IsHumanControllingUs: 0, StartBugReporterOnCrash: 0, Is64bit: 1, IsPro: 1

COMMAND LINE ARGUMENTS:
C:\Program Files\Unity\Hub\Editor\2022.3.19f1\Editor\Unity.exe
-adb2
-batchMode
-noUpm
-name
AssetImportWorker0
-projectPath
C:/Users/33652/Documents/SI4/S8/IHM/Unity/My project (1)
-logFile
Logs/AssetImportWorker0.log
-srvPort
60224
Successfully changed project path to: C:/Users/33652/Documents/SI4/S8/IHM/Unity/My project (1)
C:/Users/33652/Documents/SI4/S8/IHM/Unity/My project (1)
[UnityMemory] Configuration Parameters - Can be set up in boot.config
    "memorysetup-bucket-allocator-granularity=16"
    "memorysetup-bucket-allocator-bucket-count=8"
    "memorysetup-bucket-allocator-block-size=33554432"
    "memorysetup-bucket-allocator-block-count=8"
    "memorysetup-main-allocator-block-size=16777216"
    "memorysetup-thread-allocator-block-size=16777216"
    "memorysetup-gfx-main-allocator-block-size=16777216"
    "memorysetup-gfx-thread-allocator-block-size=16777216"
    "memorysetup-cache-allocator-block-size=4194304"
    "memorysetup-typetree-allocator-block-size=2097152"
    "memorysetup-profiler-bucket-allocator-granularity=16"
    "memorysetup-profiler-bucket-allocator-bucket-count=8"
    "memorysetup-profiler-bucket-allocator-block-size=33554432"
    "memorysetup-profiler-bucket-allocator-block-count=8"
    "memorysetup-profiler-allocator-block-size=16777216"
    "memorysetup-profiler-editor-allocator-block-size=1048576"
    "memorysetup-temp-allocator-size-main=16777216"
    "memorysetup-job-temp-allocator-block-size=2097152"
    "memorysetup-job-temp-allocator-block-size-background=1048576"
    "memorysetup-job-temp-allocator-reduction-small-platforms=262144"
    "memorysetup-allocator-temp-initial-block-size-main=262144"
    "memorysetup-allocator-temp-initial-block-size-worker=262144"
    "memorysetup-temp-allocator-size-background-worker=32768"
    "memorysetup-temp-allocator-size-job-worker=262144"
    "memorysetup-temp-allocator-size-preload-manager=33554432"
    "memorysetup-temp-allocator-size-nav-mesh-worker=65536"
    "memorysetup-temp-allocator-size-audio-worker=65536"
    "memorysetup-temp-allocator-size-cloud-worker=32768"
    "memorysetup-temp-allocator-size-gi-baking-worker=262144"
    "memorysetup-temp-allocator-size-gfx=262144"
Unable to join player connection multicast group (err: 10013).
Player connection [12520] Host "[IP] 172.25.64.1 [Port] 0 [Flags] 2 [Guid] 3364254973 [EditorId] 3364254973 [Version] 1048832 [Id] WindowsEditor(7,TroTro-Computer) [Debug] 1 [PackageName] WindowsEditor [ProjectName] Editor" joined alternative multi-casting on [225.0.0.222:34997]...

[Physics::Module] Initialized MultithreadedJobDispatcher with 7 workers.
Refreshing native plugins compatible for Editor in 10.82 ms, found 3 plugins.
Preloading 0 native plugins for Editor in 0.00 ms.
Initialize engine version: 2022.3.19f1 (244b723c30a6)
[Subsystems] Discovering subsystems at path C:/Program Files/Unity/Hub/Editor/2022.3.19f1/Editor/Data/Resources/UnitySubsystems
[Subsystems] Discovering subsystems at path C:/Users/33652/Documents/SI4/S8/IHM/Unity/My project (1)/Assets
GfxDevice: creating device client; threaded=0; jobified=0
Direct3D:
    Version:  Direct3D 11.0 [level 11.1]
    Renderer: Intel(R) Iris(R) Xe Graphics (ID=0x9a49)
    Vendor:   Intel
    VRAM:     8081 MB
    Driver:   30.0.101.1404
Initialize mono
Mono path[0] = 'C:/Program Files/Unity/Hub/Editor/2022.3.19f1/Editor/Data/Managed'
Mono path[1] = 'C:/Program Files/Unity/Hub/Editor/2022.3.19f1/Editor/Data/MonoBleedingEdge/lib/mono/unityjit-win32'
Mono config path = 'C:/Program Files/Unity/Hub/Editor/2022.3.19f1/Editor/Data/MonoBleedingEdge/etc'
Using monoOptions --debugger-agent=transport=dt_socket,embedding=1,server=y,suspend=n,address=127.0.0.1:56080
Begin MonoManager ReloadAssembly
Registering precompiled unity dll's ...
Register platform support module: C:/Program Files/Unity/Hub/Editor/2022.3.19f1/Editor/Data/PlaybackEngines/WindowsStandaloneSupport/UnityEditor.WindowsStandalone.Extensions.dll
Registered in 0.008584 seconds.
- Loaded All Assemblies, in  0.680 seconds
Native extension for WindowsStandalone target not found
Mono: successfully reloaded assembly
- Finished resetting the current domain, in  0.453 seconds
Domain Reload Profiling: 1131ms
	BeginReloadAssembly (238ms)
		ExecutionOrderSort (0ms)
		DisableScriptedObjects (0ms)
		BackupInstance (0ms)
		ReleaseScriptingObjects (0ms)
		CreateAndSetChildDomain (2ms)
	RebuildCommonClasses (55ms)
	RebuildNativeTypeToScriptingClass (19ms)
	initialDomainReloadingComplete (87ms)
	LoadAllAssembliesAndSetupDomain (277ms)
		LoadAssemblies (234ms)
		RebuildTransferFunctionScriptingTraits (0ms)
		AnalyzeDomain (273ms)
			TypeCache.Refresh (271ms)
				TypeCache.ScanAssembly (240ms)
			ScanForSourceGeneratedMonoScriptInfo (1ms)
			ResolveRequiredComponents (1ms)
	FinalizeReload (454ms)
		ReleaseScriptCaches (0ms)
		RebuildScriptCaches (0ms)
		SetupLoadedEditorAssemblies (357ms)
			LogAssemblyErrors (0ms)
			InitializePlatformSupportModulesInManaged (15ms)
			SetLoadedEditorAssemblies (12ms)
			RefreshPlugins (0ms)
			BeforeProcessingInitializeOnLoad (3ms)
			ProcessInitializeOnLoadAttributes (247ms)
			ProcessInitializeOnLoadMethodAttributes (80ms)
			AfterProcessingInitializeOnLoad (0ms)
			EditorAssembliesLoaded (0ms)
		ExecutionOrderSort2 (0ms)
		AwakeInstancesAfterBackupRestoration (0ms)
========================================================================
Worker process is ready to serve import requests
Begin MonoManager ReloadAssembly
- Loaded All Assemblies, in  0.954 seconds
Refreshing native plugins compatible for Editor in 4.21 ms, found 3 plugins.
Native extension for WindowsStandalone target not found
Package Manager log level set to [2]
[Package Manager] Server::EnsureServerProcessIsRunning -- launch failed, reason: Unity was launched with the -noUpm command-line argument
[Package Manager] UpmClient::Send -- Unable to send message (not connected to UPM process).
[Package Manager] Cannot connect to Unity Package Manager local server
Mono: successfully reloaded assembly
- Finished resetting the current domain, in  0.899 seconds
Domain Reload Profiling: 1849ms
	BeginReloadAssembly (224ms)
		ExecutionOrderSort (0ms)
		DisableScriptedObjects (9ms)
		BackupInstance (0ms)
		ReleaseScriptingObjects (0ms)
		CreateAndSetChildDomain (33ms)
	RebuildCommonClasses (54ms)
	RebuildNativeTypeToScriptingClass (16ms)
	initialDomainReloadingComplete (80ms)
	LoadAllAssembliesAndSetupDomain (574ms)
		LoadAssemblies (432ms)
		RebuildTransferFunctionScriptingTraits (0ms)
		AnalyzeDomain (267ms)
			TypeCache.Refresh (237ms)
				TypeCache.ScanAssembly (214ms)
			ScanForSourceGeneratedMonoScriptInfo (23ms)
			ResolveRequiredComponents (5ms)
	FinalizeReload (899ms)
		ReleaseScriptCaches (0ms)
		RebuildScriptCaches (0ms)
		SetupLoadedEditorAssemblies (637ms)
			LogAssemblyErrors (0ms)
			InitializePlatformSupportModulesInManaged (9ms)
			SetLoadedEditorAssemblies (7ms)
			RefreshPlugins (0ms)
			BeforeProcessingInitializeOnLoad (85ms)
			ProcessInitializeOnLoadAttributes (491ms)
			ProcessInitializeOnLoadMethodAttributes (37ms)
			AfterProcessingInitializeOnLoad (9ms)
			EditorAssembliesLoaded (0ms)
		ExecutionOrderSort2 (0ms)
		AwakeInstancesAfterBackupRestoration (12ms)
Launched and connected shader compiler UnityShaderCompiler.exe after 0.07 seconds
Refreshing native plugins compatible for Editor in 3.99 ms, found 3 plugins.
Preloading 0 native plugins for Editor in 0.00 ms.
Unloading 3093 Unused Serialized files (Serialized files now loaded: 0)
Unloading 32 unused Assets / (57.3 KB). Loaded Objects now: 3554.
Memory consumption went from 122.6 MB to 122.6 MB.
Total: 4.689500 ms (FindLiveObjects: 0.591400 ms CreateObjectMapping: 0.551400 ms MarkObjects: 3.348900 ms  DeleteObjects: 0.195500 ms)

AssetImportParameters requested are different than current active one (requested -> active):
  custom:container-demuxer-ogg: 62fdf1f143b41e24485cea50d1cbac27 -> 
  custom:video-decoder-ogg-theora: a1e56fd34408186e4bbccfd4996cb3dc -> 
  custom:framework-win-MediaFoundation: 216162199b28c13a410421893ffa2e32 -> 
  custom:CustomObjectIndexerAttribute: 6d391050e5a25f67b0a2c618074f2cd9 -> 
  custom:container-demuxer-webm: 4f35f7cbe854078d1ac9338744f61a02 -> 
  custom:container-muxer-webm: aa71ff27fc2769a1b78a27578f13a17b -> 
  custom:video-decoder-webm-vp8: 9c59270c3fd7afecdb556c50c9e8de78 -> 
  custom:SearchIndexIgnoredProperties: e643bd26f0fe6173181afceb89e7c659 -> 
  custom:AudioImporter_EditorPlatform: d09bf68614088b80899f8185d706f6e7 -> 
  custom:video-encoder-webm-vp8: eb34c28f22e8b96e1ab97ce403110664 -> 
  custom:audio-decoder-ogg-vorbis: bf7c407c2cedff20999df2af8eb42d56 -> 
  custom:audio-encoder-webm-vorbis: bf7c407c2cedff20999df2af8eb42d56 -> 
========================================================================
Received Import Request.
  Time since last request: 65817.021254 seconds.
  path: Assets/CraftingFreePack_BLEND.blend
  artifactKey: Guid(55d90be78ea7fca4ebe6ccf887fb6c7b) Importer(815301076,1909f56bfc062723c751e8b465ee728b)
Start importing Assets/CraftingFreePack_BLEND.blend using Guid(55d90be78ea7fca4ebe6ccf887fb6c7b) Importer(815301076,1909f56bfc062723c751e8b465ee728b)  -> (artifact id: 'c218861eb225a2054fe1b4fb3487db07') in 0.790125 seconds
Number of updated asset objects reloaded before import = 0
Number of asset objects unloaded after import = 195
========================================================================
Received Import Request.
  Time since last request: 86.907137 seconds.
  path: Assets/microscope.blend
  artifactKey: Guid(a64c76a299a6ce2428c16f446d11b708) Importer(815301076,1909f56bfc062723c751e8b465ee728b)
Start importing Assets/microscope.blend using Guid(a64c76a299a6ce2428c16f446d11b708) Importer(815301076,1909f56bfc062723c751e8b465ee728b)  -> (artifact id: '53d2c8638101914f48816cd8b7e8ea06') in 0.771678 seconds
Number of updated asset objects reloaded before import = 0
Number of asset objects unloaded after import = 156
========================================================================
Received Import Request.
  Time since last request: 237.574666 seconds.
  path: Assets/cabinet.blend
  artifactKey: Guid(ad2750b4a53b19c498a6159226f8dfac) Importer(815301076,1909f56bfc062723c751e8b465ee728b)
Start importing Assets/cabinet.blend using Guid(ad2750b4a53b19c498a6159226f8dfac) Importer(815301076,1909f56bfc062723c751e8b465ee728b)  -> (artifact id: '169e5cdde5f2be474041ed38ba5cfbbc') in 0.584293 seconds
Number of updated asset objects reloaded before import = 0
Number of asset objects unloaded after import = 212
========================================================================
Received Prepare
Begin MonoManager ReloadAssembly
- Loaded All Assemblies, in  0.506 seconds
Refreshing native plugins compatible for Editor in 3.96 ms, found 3 plugins.
Native extension for WindowsStandalone target not found
[Package Manager] Server::EnsureServerProcessIsRunning -- launch failed, reason: Unity was launched with the -noUpm command-line argument
[Package Manager] UpmClient::Send -- Unable to send message (not connected to UPM process).
[Package Manager] Cannot connect to Unity Package Manager local server
Mono: successfully reloaded assembly
- Finished resetting the current domain, in  2.007 seconds
Domain Reload Profiling: 2513ms
	BeginReloadAssembly (185ms)
		ExecutionOrderSort (0ms)
		DisableScriptedObjects (8ms)
		BackupInstance (0ms)
		ReleaseScriptingObjects (0ms)
		CreateAndSetChildDomain (52ms)
	RebuildCommonClasses (45ms)
	RebuildNativeTypeToScriptingClass (12ms)
	initialDomainReloadingComplete (39ms)
	LoadAllAssembliesAndSetupDomain (222ms)
		LoadAssemblies (303ms)
		RebuildTransferFunctionScriptingTraits (0ms)
		AnalyzeDomain (12ms)
			TypeCache.Refresh (6ms)
				TypeCache.ScanAssembly (0ms)
			ScanForSourceGeneratedMonoScriptInfo (0ms)
			ResolveRequiredComponents (4ms)
	FinalizeReload (2009ms)
		ReleaseScriptCaches (0ms)
		RebuildScriptCaches (0ms)
		SetupLoadedEditorAssemblies (993ms)
			LogAssemblyErrors (0ms)
			InitializePlatformSupportModulesInManaged (15ms)
			SetLoadedEditorAssemblies (13ms)
			RefreshPlugins (0ms)
			BeforeProcessingInitializeOnLoad (139ms)
			ProcessInitializeOnLoadAttributes (738ms)
			ProcessInitializeOnLoadMethodAttributes (70ms)
			AfterProcessingInitializeOnLoad (17ms)
			EditorAssembliesLoaded (0ms)
		ExecutionOrderSort2 (0ms)
		AwakeInstancesAfterBackupRestoration (21ms)
Refreshing native plugins compatible for Editor in 8.96 ms, found 3 plugins.
Preloading 0 native plugins for Editor in 0.00 ms.
Unloading 3085 Unused Serialized files (Serialized files now loaded: 0)
Unloading 22 unused Assets / (30.2 KB). Loaded Objects now: 3602.
Memory consumption went from 128.4 MB to 128.3 MB.
Total: 6.720600 ms (FindLiveObjects: 1.081600 ms CreateObjectMapping: 0.232100 ms MarkObjects: 5.293200 ms  DeleteObjects: 0.106000 ms)

Prepare: number of updated asset objects reloaded= 0
AssetImportParameters requested are different than current active one (requested -> active):
  custom:container-demuxer-ogg: 62fdf1f143b41e24485cea50d1cbac27 -> 
  custom:video-decoder-ogg-theora: a1e56fd34408186e4bbccfd4996cb3dc -> 
  custom:framework-win-MediaFoundation: 216162199b28c13a410421893ffa2e32 -> 
  custom:CustomObjectIndexerAttribute: 6d391050e5a25f67b0a2c618074f2cd9 -> 
  custom:container-demuxer-webm: 4f35f7cbe854078d1ac9338744f61a02 -> 
  custom:container-muxer-webm: aa71ff27fc2769a1b78a27578f13a17b -> 
  custom:video-decoder-webm-vp8: 9c59270c3fd7afecdb556c50c9e8de78 -> 
  custom:SearchIndexIgnoredProperties: e643bd26f0fe6173181afceb89e7c659 -> 
  custom:AudioImporter_EditorPlatform: d09bf68614088b80899f8185d706f6e7 -> 
  custom:video-encoder-webm-vp8: eb34c28f22e8b96e1ab97ce403110664 -> 
  custom:audio-decoder-ogg-vorbis: bf7c407c2cedff20999df2af8eb42d56 -> 
  custom:audio-encoder-webm-vorbis: bf7c407c2cedff20999df2af8eb42d56 -> 
========================================================================
Received Prepare
Begin MonoManager ReloadAssembly
- Loaded All Assemblies, in  0.497 seconds
Refreshing native plugins compatible for Editor in 3.08 ms, found 3 plugins.
Native extension for WindowsStandalone target not found
[Package Manager] Server::EnsureServerProcessIsRunning -- launch failed, reason: Unity was launched with the -noUpm command-line argument
[Package Manager] UpmClient::Send -- Unable to send message (not connected to UPM process).
[Package Manager] Cannot connect to Unity Package Manager local server
Mono: successfully reloaded assembly
- Finished resetting the current domain, in  1.403 seconds
Domain Reload Profiling: 1898ms
	BeginReloadAssembly (173ms)
		ExecutionOrderSort (0ms)
		DisableScriptedObjects (5ms)
		BackupInstance (0ms)
		ReleaseScriptingObjects (0ms)
		CreateAndSetChildDomain (39ms)
	RebuildCommonClasses (38ms)
	RebuildNativeTypeToScriptingClass (12ms)
	initialDomainReloadingComplete (30ms)
	LoadAllAssembliesAndSetupDomain (241ms)
		LoadAssemblies (323ms)
		RebuildTransferFunctionScriptingTraits (0ms)
		AnalyzeDomain (14ms)
			TypeCache.Refresh (7ms)
				TypeCache.ScanAssembly (0ms)
			ScanForSourceGeneratedMonoScriptInfo (0ms)
			ResolveRequiredComponents (5ms)
	FinalizeReload (1404ms)
		ReleaseScriptCaches (0ms)
		RebuildScriptCaches (0ms)
		SetupLoadedEditorAssemblies (676ms)
			LogAssemblyErrors (0ms)
			InitializePlatformSupportModulesInManaged (11ms)
			SetLoadedEditorAssemblies (8ms)
			RefreshPlugins (0ms)
			BeforeProcessingInitializeOnLoad (91ms)
			ProcessInitializeOnLoadAttributes (512ms)
			ProcessInitializeOnLoadMethodAttributes (41ms)
			AfterProcessingInitializeOnLoad (13ms)
			EditorAssembliesLoaded (0ms)
		ExecutionOrderSort2 (0ms)
		AwakeInstancesAfterBackupRestoration (15ms)
Refreshing native plugins compatible for Editor in 8.12 ms, found 3 plugins.
Preloading 0 native plugins for Editor in 0.00 ms.
Unloading 3085 Unused Serialized files (Serialized files now loaded: 0)
Unloading 22 unused Assets / (30.1 KB). Loaded Objects now: 3605.
Memory consumption went from 130.3 MB to 130.3 MB.
Total: 8.023300 ms (FindLiveObjects: 1.074200 ms CreateObjectMapping: 0.488800 ms MarkObjects: 6.345400 ms  DeleteObjects: 0.110000 ms)

Prepare: number of updated asset objects reloaded= 0
AssetImportParameters requested are different than current active one (requested -> active):
  custom:container-demuxer-ogg: 62fdf1f143b41e24485cea50d1cbac27 -> 
  custom:video-decoder-ogg-theora: a1e56fd34408186e4bbccfd4996cb3dc -> 
  custom:framework-win-MediaFoundation: 216162199b28c13a410421893ffa2e32 -> 
  custom:CustomObjectIndexerAttribute: 6d391050e5a25f67b0a2c618074f2cd9 -> 
  custom:container-demuxer-webm: 4f35f7cbe854078d1ac9338744f61a02 -> 
  custom:container-muxer-webm: aa71ff27fc2769a1b78a27578f13a17b -> 
  custom:video-decoder-webm-vp8: 9c59270c3fd7afecdb556c50c9e8de78 -> 
  custom:SearchIndexIgnoredProperties: e643bd26f0fe6173181afceb89e7c659 -> 
  custom:AudioImporter_EditorPlatform: d09bf68614088b80899f8185d706f6e7 -> 
  custom:video-encoder-webm-vp8: eb34c28f22e8b96e1ab97ce403110664 -> 
  custom:audio-decoder-ogg-vorbis: bf7c407c2cedff20999df2af8eb42d56 -> 
  custom:audio-encoder-webm-vorbis: bf7c407c2cedff20999df2af8eb42d56 -> 
========================================================================
Received Prepare
Begin MonoManager ReloadAssembly
- Loaded All Assemblies, in  0.505 seconds
Refreshing native plugins compatible for Editor in 3.17 ms, found 3 plugins.
Native extension for WindowsStandalone target not found
[Package Manager] Server::EnsureServerProcessIsRunning -- launch failed, reason: Unity was launched with the -noUpm command-line argument
[Package Manager] UpmClient::Send -- Unable to send message (not connected to UPM process).
[Package Manager] Cannot connect to Unity Package Manager local server
Mono: successfully reloaded assembly
- Finished resetting the current domain, in  1.423 seconds
Domain Reload Profiling: 1927ms
	BeginReloadAssembly (177ms)
		ExecutionOrderSort (0ms)
		DisableScriptedObjects (5ms)
		BackupInstance (0ms)
		ReleaseScriptingObjects (0ms)
		CreateAndSetChildDomain (52ms)
	RebuildCommonClasses (43ms)
	RebuildNativeTypeToScriptingClass (16ms)
	initialDomainReloadingComplete (33ms)
	LoadAllAssembliesAndSetupDomain (234ms)
		LoadAssemblies (303ms)
		RebuildTransferFunctionScriptingTraits (0ms)
		AnalyzeDomain (14ms)
			TypeCache.Refresh (7ms)
				TypeCache.ScanAssembly (0ms)
			ScanForSourceGeneratedMonoScriptInfo (0ms)
			ResolveRequiredComponents (5ms)
	FinalizeReload (1425ms)
		ReleaseScriptCaches (0ms)
		RebuildScriptCaches (0ms)
		SetupLoadedEditorAssemblies (678ms)
			LogAssemblyErrors (0ms)
			InitializePlatformSupportModulesInManaged (10ms)
			SetLoadedEditorAssemblies (9ms)
			RefreshPlugins (0ms)
			BeforeProcessingInitializeOnLoad (102ms)
			ProcessInitializeOnLoadAttributes (500ms)
			ProcessInitializeOnLoadMethodAttributes (44ms)
			AfterProcessingInitializeOnLoad (12ms)
			EditorAssembliesLoaded (0ms)
		ExecutionOrderSort2 (0ms)
		AwakeInstancesAfterBackupRestoration (14ms)
Refreshing native plugins compatible for Editor in 11.59 ms, found 3 plugins.
Preloading 0 native plugins for Editor in 0.00 ms.
Unloading 3085 Unused Serialized files (Serialized files now loaded: 0)
Unloading 22 unused Assets / (30.2 KB). Loaded Objects now: 3608.
Memory consumption went from 132.2 MB to 132.2 MB.
Total: 7.563100 ms (FindLiveObjects: 1.172300 ms CreateObjectMapping: 0.805400 ms MarkObjects: 5.420500 ms  DeleteObjects: 0.152300 ms)

Prepare: number of updated asset objects reloaded= 0
AssetImportParameters requested are different than current active one (requested -> active):
  custom:container-demuxer-ogg: 62fdf1f143b41e24485cea50d1cbac27 -> 
  custom:video-decoder-ogg-theora: a1e56fd34408186e4bbccfd4996cb3dc -> 
  custom:framework-win-MediaFoundation: 216162199b28c13a410421893ffa2e32 -> 
  custom:CustomObjectIndexerAttribute: 6d391050e5a25f67b0a2c618074f2cd9 -> 
  custom:container-demuxer-webm: 4f35f7cbe854078d1ac9338744f61a02 -> 
  custom:container-muxer-webm: aa71ff27fc2769a1b78a27578f13a17b -> 
  custom:video-decoder-webm-vp8: 9c59270c3fd7afecdb556c50c9e8de78 -> 
  custom:SearchIndexIgnoredProperties: e643bd26f0fe6173181afceb89e7c659 -> 
  custom:AudioImporter_EditorPlatform: d09bf68614088b80899f8185d706f6e7 -> 
  custom:video-encoder-webm-vp8: eb34c28f22e8b96e1ab97ce403110664 -> 
  custom:audio-decoder-ogg-vorbis: bf7c407c2cedff20999df2af8eb42d56 -> 
  custom:audio-encoder-webm-vorbis: bf7c407c2cedff20999df2af8eb42d56 -> 
========================================================================
Received Prepare
Begin MonoManager ReloadAssembly
- Loaded All Assemblies, in  0.487 seconds
Refreshing native plugins compatible for Editor in 3.30 ms, found 3 plugins.
Native extension for WindowsStandalone target not found
[Package Manager] Server::EnsureServerProcessIsRunning -- launch failed, reason: Unity was launched with the -noUpm command-line argument
[Package Manager] UpmClient::Send -- Unable to send message (not connected to UPM process).
[Package Manager] Cannot connect to Unity Package Manager local server
Mono: successfully reloaded assembly
- Finished resetting the current domain, in  2.056 seconds
Domain Reload Profiling: 2542ms
	BeginReloadAssembly (175ms)
		ExecutionOrderSort (0ms)
		DisableScriptedObjects (5ms)
		BackupInstance (0ms)
		ReleaseScriptingObjects (0ms)
		CreateAndSetChildDomain (41ms)
	RebuildCommonClasses (40ms)
	RebuildNativeTypeToScriptingClass (17ms)
	initialDomainReloadingComplete (27ms)
	LoadAllAssembliesAndSetupDomain (225ms)
		LoadAssemblies (304ms)
		RebuildTransferFunctionScriptingTraits (0ms)
		AnalyzeDomain (16ms)
			TypeCache.Refresh (9ms)
				TypeCache.ScanAssembly (0ms)
			ScanForSourceGeneratedMonoScriptInfo (0ms)
			ResolveRequiredComponents (5ms)
	FinalizeReload (2057ms)
		ReleaseScriptCaches (0ms)
		RebuildScriptCaches (0ms)
		SetupLoadedEditorAssemblies (1007ms)
			LogAssemblyErrors (0ms)
			InitializePlatformSupportModulesInManaged (15ms)
			SetLoadedEditorAssemblies (13ms)
			RefreshPlugins (0ms)
			BeforeProcessingInitializeOnLoad (143ms)
			ProcessInitializeOnLoadAttributes (760ms)
			ProcessInitializeOnLoadMethodAttributes (61ms)
			AfterProcessingInitializeOnLoad (14ms)
			EditorAssembliesLoaded (0ms)
		ExecutionOrderSort2 (0ms)
		AwakeInstancesAfterBackupRestoration (20ms)
Refreshing native plugins compatible for Editor in 18.79 ms, found 3 plugins.
Preloading 0 native plugins for Editor in 0.00 ms.
Unloading 3085 Unused Serialized files (Serialized files now loaded: 0)
Unloading 22 unused Assets / (30.2 KB). Loaded Objects now: 3611.
Memory consumption went from 134.1 MB to 134.1 MB.
Total: 5.335600 ms (FindLiveObjects: 0.416200 ms CreateObjectMapping: 0.174800 ms MarkObjects: 4.655900 ms  DeleteObjects: 0.086500 ms)

Prepare: number of updated asset objects reloaded= 0
AssetImportParameters requested are different than current active one (requested -> active):
  custom:container-demuxer-ogg: 62fdf1f143b41e24485cea50d1cbac27 -> 
  custom:video-decoder-ogg-theora: a1e56fd34408186e4bbccfd4996cb3dc -> 
  custom:framework-win-MediaFoundation: 216162199b28c13a410421893ffa2e32 -> 
  custom:CustomObjectIndexerAttribute: 6d391050e5a25f67b0a2c618074f2cd9 -> 
  custom:container-demuxer-webm: 4f35f7cbe854078d1ac9338744f61a02 -> 
  custom:container-muxer-webm: aa71ff27fc2769a1b78a27578f13a17b -> 
  custom:video-decoder-webm-vp8: 9c59270c3fd7afecdb556c50c9e8de78 -> 
  custom:SearchIndexIgnoredProperties: e643bd26f0fe6173181afceb89e7c659 -> 
  custom:AudioImporter_EditorPlatform: d09bf68614088b80899f8185d706f6e7 -> 
  custom:video-encoder-webm-vp8: eb34c28f22e8b96e1ab97ce403110664 -> 
  custom:audio-decoder-ogg-vorbis: bf7c407c2cedff20999df2af8eb42d56 -> 
  custom:audio-encoder-webm-vorbis: bf7c407c2cedff20999df2af8eb42d56 -> 
========================================================================
Received Prepare
Begin MonoManager ReloadAssembly
- Loaded All Assemblies, in  0.505 seconds
Refreshing native plugins compatible for Editor in 2.72 ms, found 3 plugins.
Native extension for WindowsStandalone target not found
[Package Manager] Server::EnsureServerProcessIsRunning -- launch failed, reason: Unity was launched with the -noUpm command-line argument
[Package Manager] UpmClient::Send -- Unable to send message (not connected to UPM process).
[Package Manager] Cannot connect to Unity Package Manager local server
Mono: successfully reloaded assembly
- Finished resetting the current domain, in  1.965 seconds
Domain Reload Profiling: 2468ms
	BeginReloadAssembly (170ms)
		ExecutionOrderSort (0ms)
		DisableScriptedObjects (6ms)
		BackupInstance (0ms)
		ReleaseScriptingObjects (0ms)
		CreateAndSetChildDomain (39ms)
	RebuildCommonClasses (46ms)
	RebuildNativeTypeToScriptingClass (18ms)
	initialDomainReloadingComplete (36ms)
	LoadAllAssembliesAndSetupDomain (231ms)
		LoadAssemblies (304ms)
		RebuildTransferFunctionScriptingTraits (0ms)
		AnalyzeDomain (13ms)
			TypeCache.Refresh (7ms)
				TypeCache.ScanAssembly (0ms)
			ScanForSourceGeneratedMonoScriptInfo (0ms)
			ResolveRequiredComponents (4ms)
	FinalizeReload (1967ms)
		ReleaseScriptCaches (0ms)
		RebuildScriptCaches (0ms)
		SetupLoadedEditorAssemblies (1060ms)
			LogAssemblyErrors (0ms)
			InitializePlatformSupportModulesInManaged (17ms)
			SetLoadedEditorAssemblies (11ms)
			RefreshPlugins (0ms)
			BeforeProcessingInitializeOnLoad (142ms)
			ProcessInitializeOnLoadAttributes (807ms)
			ProcessInitializeOnLoadMethodAttributes (68ms)
			AfterProcessingInitializeOnLoad (14ms)
			EditorAssembliesLoaded (0ms)
		ExecutionOrderSort2 (0ms)
		AwakeInstancesAfterBackupRestoration (24ms)
Refreshing native plugins compatible for Editor in 8.22 ms, found 3 plugins.
Preloading 0 native plugins for Editor in 0.00 ms.
Unloading 3085 Unused Serialized files (Serialized files now loaded: 0)
Unloading 22 unused Assets / (30.2 KB). Loaded Objects now: 3614.
Memory consumption went from 136.1 MB to 136.1 MB.
Total: 10.566000 ms (FindLiveObjects: 1.178800 ms CreateObjectMapping: 1.114900 ms MarkObjects: 8.159900 ms  DeleteObjects: 0.110000 ms)

Prepare: number of updated asset objects reloaded= 0
AssetImportParameters requested are different than current active one (requested -> active):
  custom:container-demuxer-ogg: 62fdf1f143b41e24485cea50d1cbac27 -> 
  custom:video-decoder-ogg-theora: a1e56fd34408186e4bbccfd4996cb3dc -> 
  custom:framework-win-MediaFoundation: 216162199b28c13a410421893ffa2e32 -> 
  custom:CustomObjectIndexerAttribute: 6d391050e5a25f67b0a2c618074f2cd9 -> 
  custom:container-demuxer-webm: 4f35f7cbe854078d1ac9338744f61a02 -> 
  custom:container-muxer-webm: aa71ff27fc2769a1b78a27578f13a17b -> 
  custom:video-decoder-webm-vp8: 9c59270c3fd7afecdb556c50c9e8de78 -> 
  custom:SearchIndexIgnoredProperties: e643bd26f0fe6173181afceb89e7c659 -> 
  custom:AudioImporter_EditorPlatform: d09bf68614088b80899f8185d706f6e7 -> 
  custom:video-encoder-webm-vp8: eb34c28f22e8b96e1ab97ce403110664 -> 
  custom:audio-decoder-ogg-vorbis: bf7c407c2cedff20999df2af8eb42d56 -> 
  custom:audio-encoder-webm-vorbis: bf7c407c2cedff20999df2af8eb42d56 -> 
========================================================================
Received Import Request.
  Time since last request: 1618.247286 seconds.
  path: Assets/vial.blend
  artifactKey: Guid(3246bcaaa3ab63f45801908c2220a50e) Importer(815301076,1909f56bfc062723c751e8b465ee728b)
Start importing Assets/vial.blend using Guid(3246bcaaa3ab63f45801908c2220a50e) Importer(815301076,1909f56bfc062723c751e8b465ee728b)  -> (artifact id: '6bb093b9a27377c4a3b31245cde26d6f') in 0.424291 seconds
Number of updated asset objects reloaded before import = 0
Number of asset objects unloaded after import = 23
========================================================================
Received Import Request.
  Time since last request: 57.132260 seconds.
  path: Assets/labObjects
  artifactKey: Guid(b64ea2ffc1362034589db800cec5c322) Importer(815301076,1909f56bfc062723c751e8b465ee728b)
Start importing Assets/labObjects using Guid(b64ea2ffc1362034589db800cec5c322) Importer(815301076,1909f56bfc062723c751e8b465ee728b)  -> (artifact id: '5cdfab017ff8e51cde4b1f526fec3033') in 0.001633 seconds
Number of updated asset objects reloaded before import = 0
Number of asset objects unloaded after import = 0
========================================================================
Received Import Request.
  Time since last request: 16.807061 seconds.
  path: Assets/labObjects/fiole
  artifactKey: Guid(0dfe305446ea5c24db951ddeeb7a7674) Importer(815301076,1909f56bfc062723c751e8b465ee728b)
Start importing Assets/labObjects/fiole using Guid(0dfe305446ea5c24db951ddeeb7a7674) Importer(815301076,1909f56bfc062723c751e8b465ee728b)  -> (artifact id: '23f6a0beba93bb05de28e76b5d26a6d4') in 0.001585 seconds
Number of updated asset objects reloaded before import = 0
Number of asset objects unloaded after import = 0
========================================================================
Received Import Request.
  Time since last request: 24.042188 seconds.
  path: Assets/labObjects/fiole/vial.blend
  artifactKey: Guid(3246bcaaa3ab63f45801908c2220a50e) Importer(815301076,1909f56bfc062723c751e8b465ee728b)
Start importing Assets/labObjects/fiole/vial.blend using Guid(3246bcaaa3ab63f45801908c2220a50e) Importer(815301076,1909f56bfc062723c751e8b465ee728b)  -> (artifact id: '98596ec04a851997750b512558ee8bb3') in 0.119549 seconds
Number of updated asset objects reloaded before import = 0
Number of asset objects unloaded after import = 23
========================================================================
Received Import Request.
  Time since last request: 0.000047 seconds.
  path: Assets/labObjects/fiole/Material.004.mat
  artifactKey: Guid(57faf186aacb12741b0efd1249e3d3f9) Importer(815301076,1909f56bfc062723c751e8b465ee728b)
Start importing Assets/labObjects/fiole/Material.004.mat using Guid(57faf186aacb12741b0efd1249e3d3f9) Importer(815301076,1909f56bfc062723c751e8b465ee728b)  -> (artifact id: '3ea2a32900d54e0a69f59477898c8a0d') in 0.040579 seconds
Number of updated asset objects reloaded before import = 0
Number of asset objects unloaded after import = 1
========================================================================
Received Import Request.
  Time since last request: 0.000030 seconds.
  path: Assets/labObjects/fiole/Material.002.mat
  artifactKey: Guid(76ea84e00d59e7245bcdc33800f6f50f) Importer(815301076,1909f56bfc062723c751e8b465ee728b)
Start importing Assets/labObjects/fiole/Material.002.mat using Guid(76ea84e00d59e7245bcdc33800f6f50f) Importer(815301076,1909f56bfc062723c751e8b465ee728b)  -> (artifact id: '02d769267fb72cf2e5ebc40187f012ca') in 0.036268 seconds
Number of updated asset objects reloaded before import = 0
Number of asset objects unloaded after import = 1
========================================================================
Received Import Request.
  Time since last request: 162.378566 seconds.
  path: Assets/labObjects/fiole/vial 1.blend
  artifactKey: Guid(0b51f991dd6998f4ba68a3b9d50d457e) Importer(815301076,1909f56bfc062723c751e8b465ee728b)
Start importing Assets/labObjects/fiole/vial 1.blend using Guid(0b51f991dd6998f4ba68a3b9d50d457e) Importer(815301076,1909f56bfc062723c751e8b465ee728b)  -> (artifact id: '862dfaa544ce032b411f1bf5d1c65ee2') in 0.187614 seconds
Number of updated asset objects reloaded before import = 0
Number of asset objects unloaded after import = 23
========================================================================
Received Import Request.
  Time since last request: 0.000040 seconds.
  path: Assets/labObjects/fiole/Material.002.mat
  artifactKey: Guid(76ea84e00d59e7245bcdc33800f6f50f) Importer(815301076,1909f56bfc062723c751e8b465ee728b)
Start importing Assets/labObjects/fiole/Material.002.mat using Guid(76ea84e00d59e7245bcdc33800f6f50f) Importer(815301076,1909f56bfc062723c751e8b465ee728b)  -> (artifact id: 'b90dda7c447e4e020558b6a3797abd3e') in 0.050165 seconds
Number of updated asset objects reloaded before import = 0
Number of asset objects unloaded after import = 1
========================================================================
Received Import Request.
  Time since last request: 19.055303 seconds.
  path: Assets/labObjects/fiole/vial.blend
  artifactKey: Guid(3246bcaaa3ab63f45801908c2220a50e) Importer(815301076,1909f56bfc062723c751e8b465ee728b)
Start importing Assets/labObjects/fiole/vial.blend using Guid(3246bcaaa3ab63f45801908c2220a50e) Importer(815301076,1909f56bfc062723c751e8b465ee728b)  -> (artifact id: 'b91f52fd434205b8871180357d1ea5ca') in 0.161932 seconds
Number of updated asset objects reloaded before import = 0
Number of asset objects unloaded after import = 22
========================================================================
Received Import Request.
  Time since last request: 25.153588 seconds.
  path: Assets/labObjects/fiole/vial 1.blend
  artifactKey: Guid(0b51f991dd6998f4ba68a3b9d50d457e) Importer(815301076,1909f56bfc062723c751e8b465ee728b)
Start importing Assets/labObjects/fiole/vial 1.blend using Guid(0b51f991dd6998f4ba68a3b9d50d457e) Importer(815301076,1909f56bfc062723c751e8b465ee728b)  -> (artifact id: '198b417148d82842f8b5b5fe974e6feb') in 0.159444 seconds
Number of updated asset objects reloaded before import = 0
Number of asset objects unloaded after import = 23
========================================================================
Received Import Request.
  Time since last request: 233.303988 seconds.
  path: Assets/simple_forceps.blend
  artifactKey: Guid(89a936af9b2deca44b9dd15880043fba) Importer(815301076,1909f56bfc062723c751e8b465ee728b)
Start importing Assets/simple_forceps.blend using Guid(89a936af9b2deca44b9dd15880043fba) Importer(815301076,1909f56bfc062723c751e8b465ee728b)  -> (artifact id: '9f10ddea429b2262f8a7f680e6597bd8') in 0.107888 seconds
Number of updated asset objects reloaded before import = 0
Number of asset objects unloaded after import = 9
========================================================================
Received Import Request.
  Time since last request: 2.448066 seconds.
  path: Assets/blender
  artifactKey: Guid(590aafdf83c2369478910881d1e4bc61) Importer(815301076,1909f56bfc062723c751e8b465ee728b)
Start importing Assets/blender using Guid(590aafdf83c2369478910881d1e4bc61) Importer(815301076,1909f56bfc062723c751e8b465ee728b)  -> (artifact id: 'c65a94b1b38fd0f4bcaa5f8e04ff0fd3') in 0.001334 seconds
Number of updated asset objects reloaded before import = 0
Number of asset objects unloaded after import = 0
========================================================================
Received Import Request.
  Time since last request: 0.067665 seconds.
  path: Assets/blender/bottle.blend
  artifactKey: Guid(aa7fa0a0ac96a374cab53673327110c7) Importer(815301076,1909f56bfc062723c751e8b465ee728b)
Start importing Assets/blender/bottle.blend using Guid(aa7fa0a0ac96a374cab53673327110c7) Importer(815301076,1909f56bfc062723c751e8b465ee728b)  -> (artifact id: 'edefda2d21124881c2a1f6c316fb1a6f') in 0.129099 seconds
Number of updated asset objects reloaded before import = 0
Number of asset objects unloaded after import = 40
========================================================================
Received Import Request.
  Time since last request: 15.887589 seconds.
  path: Assets/labObjects/goutteAgoutte
  artifactKey: Guid(590aafdf83c2369478910881d1e4bc61) Importer(815301076,1909f56bfc062723c751e8b465ee728b)
Start importing Assets/labObjects/goutteAgoutte using Guid(590aafdf83c2369478910881d1e4bc61) Importer(815301076,1909f56bfc062723c751e8b465ee728b)  -> (artifact id: 'b6faf5380a0e53d3cd57d03b691f9df8') in 0.001848 seconds
Number of updated asset objects reloaded before import = 0
Number of asset objects unloaded after import = 0
========================================================================
Received Import Request.
  Time since last request: 51.933613 seconds.
  path: Assets/labObjects/simple_forceps.blend
  artifactKey: Guid(89a936af9b2deca44b9dd15880043fba) Importer(815301076,1909f56bfc062723c751e8b465ee728b)
Start importing Assets/labObjects/simple_forceps.blend using Guid(89a936af9b2deca44b9dd15880043fba) Importer(815301076,1909f56bfc062723c751e8b465ee728b)  -> (artifact id: '143a97f71a17a0870045e595c218a260') in 0.041055 seconds
Number of updated asset objects reloaded before import = 0
Number of asset objects unloaded after import = 9
========================================================================
Received Import Request.
  Time since last request: 0.014950 seconds.
  path: Assets/labObjects/forcepsAnitSlipMat.mat
  artifactKey: Guid(35618d84865d4a849be0f746098e7852) Importer(815301076,1909f56bfc062723c751e8b465ee728b)
Start importing Assets/labObjects/forcepsAnitSlipMat.mat using Guid(35618d84865d4a849be0f746098e7852) Importer(815301076,1909f56bfc062723c751e8b465ee728b)  -> (artifact id: '893731494361ed3dffcdaa26d74c7729') in 0.064026 seconds
Number of updated asset objects reloaded before import = 0
Number of asset objects unloaded after import = 1
========================================================================
Received Import Request.
  Time since last request: 5.339056 seconds.
  path: Assets/labObjects/pince
  artifactKey: Guid(a8bd2857baa8baa4095d3333da198c69) Importer(815301076,1909f56bfc062723c751e8b465ee728b)
Start importing Assets/labObjects/pince using Guid(a8bd2857baa8baa4095d3333da198c69) Importer(815301076,1909f56bfc062723c751e8b465ee728b)  -> (artifact id: '6bd47aacf5689800258f175e2e8ec120') in 0.000932 seconds
Number of updated asset objects reloaded before import = 0
Number of asset objects unloaded after import = 0
========================================================================
Received Import Request.
  Time since last request: 74.746617 seconds.
  path: Assets/labObjects/goutteAgoutte/textures
  artifactKey: Guid(565e8e664b6a5104db517f71227f0216) Importer(815301076,1909f56bfc062723c751e8b465ee728b)
Start importing Assets/labObjects/goutteAgoutte/textures using Guid(565e8e664b6a5104db517f71227f0216) Importer(815301076,1909f56bfc062723c751e8b465ee728b)  -> (artifact id: '853f24528a631882550d2783dd7539f6') in 0.001272 seconds
Number of updated asset objects reloaded before import = 0
Number of asset objects unloaded after import = 0
========================================================================
Received Import Request.
  Time since last request: 1.258235 seconds.
  path: Assets/labObjects/goutteAgoutte/textures/bottle_material_SG_Diffuse.png
  artifactKey: Guid(3b7757f24b9d59449b2277a7cbac0c2c) Importer(815301076,1909f56bfc062723c751e8b465ee728b)
Start importing Assets/labObjects/goutteAgoutte/textures/bottle_material_SG_Diffuse.png using Guid(3b7757f24b9d59449b2277a7cbac0c2c) Importer(815301076,1909f56bfc062723c751e8b465ee728b)  -> (artifact id: 'ac156f9ad0414f39645f34a2ca33d0cf') in 0.062155 seconds
Number of updated asset objects reloaded before import = 0
Number of asset objects unloaded after import = 2
========================================================================
Received Import Request.
  Time since last request: 0.000064 seconds.
  path: Assets/labObjects/goutteAgoutte/textures/liquid_material_SG_Reflection.png
  artifactKey: Guid(78a99143b201c5845a0ea01af5b04ade) Importer(815301076,1909f56bfc062723c751e8b465ee728b)
Start importing Assets/labObjects/goutteAgoutte/textures/liquid_material_SG_Reflection.png using Guid(78a99143b201c5845a0ea01af5b04ade) Importer(815301076,1909f56bfc062723c751e8b465ee728b)  -> (artifact id: '8cb91954f3cb7bc8eb245715f37461b4') in 0.082189 seconds
Number of updated asset objects reloaded before import = 0
Number of asset objects unloaded after import = 2
========================================================================
Received Import Request.
  Time since last request: 0.000102 seconds.
  path: Assets/labObjects/goutteAgoutte/textures/cork_elem_material_SG_Reflection.png
  artifactKey: Guid(e0c3914b20638f24dbb1b677f04193cb) Importer(815301076,1909f56bfc062723c751e8b465ee728b)
Start importing Assets/labObjects/goutteAgoutte/textures/cork_elem_material_SG_Reflection.png using Guid(e0c3914b20638f24dbb1b677f04193cb) Importer(815301076,1909f56bfc062723c751e8b465ee728b)  -> (artifact id: 'eb91ccbaa99eebeb6f4e73b2365fdaf5') in 0.024707 seconds
Number of updated asset objects reloaded before import = 0
Number of asset objects unloaded after import = 2
========================================================================
Received Import Request.
  Time since last request: 0.000057 seconds.
  path: Assets/labObjects/goutteAgoutte/textures/label_material_SG_Reflection.png
  artifactKey: Guid(e51b3a29ca48b6642a047a4d2cc4dc51) Importer(815301076,1909f56bfc062723c751e8b465ee728b)
Start importing Assets/labObjects/goutteAgoutte/textures/label_material_SG_Reflection.png using Guid(e51b3a29ca48b6642a047a4d2cc4dc51) Importer(815301076,1909f56bfc062723c751e8b465ee728b)  -> (artifact id: '562747274ff89d0e45f18ef0daf1bef2') in 0.041689 seconds
Number of updated asset objects reloaded before import = 0
Number of asset objects unloaded after import = 2
========================================================================
Received Import Request.
  Time since last request: 0.000098 seconds.
  path: Assets/labObjects/goutteAgoutte/textures/cork_elem_material_SG_Normal.png
  artifactKey: Guid(1663f6181cc4e8744b62d64369199245) Importer(815301076,1909f56bfc062723c751e8b465ee728b)
Start importing Assets/labObjects/goutteAgoutte/textures/cork_elem_material_SG_Normal.png using Guid(1663f6181cc4e8744b62d64369199245) Importer(815301076,1909f56bfc062723c751e8b465ee728b)  -> (artifact id: 'e22908e37a8d2be284f31a761490dcd1') in 0.077854 seconds
Number of updated asset objects reloaded before import = 0
Number of asset objects unloaded after import = 2
========================================================================
Received Import Request.
  Time since last request: 0.000036 seconds.
  path: Assets/labObjects/goutteAgoutte/textures/bottle_material_SG_Normal.png
  artifactKey: Guid(8aaba3bf035a7b34db4ef5e9648c146d) Importer(815301076,1909f56bfc062723c751e8b465ee728b)
Start importing Assets/labObjects/goutteAgoutte/textures/bottle_material_SG_Normal.png using Guid(8aaba3bf035a7b34db4ef5e9648c146d) Importer(815301076,1909f56bfc062723c751e8b465ee728b)  -> (artifact id: '4b9c32192710432f66afbbeb7fee054d') in 0.026807 seconds
Number of updated asset objects reloaded before import = 0
Number of asset objects unloaded after import = 2
========================================================================
Received Import Request.
  Time since last request: 0.000034 seconds.
  path: Assets/labObjects/goutteAgoutte/textures/cork_material_SG_Height.png
  artifactKey: Guid(137f4a6db80ffb247b612c871cc27903) Importer(815301076,1909f56bfc062723c751e8b465ee728b)
Start importing Assets/labObjects/goutteAgoutte/textures/cork_material_SG_Height.png using Guid(137f4a6db80ffb247b612c871cc27903) Importer(815301076,1909f56bfc062723c751e8b465ee728b)  -> (artifact id: '616b0da2d1d7916bf074b6b78731b8d0') in 0.066004 seconds
Number of updated asset objects reloaded before import = 0
Number of asset objects unloaded after import = 2
========================================================================
Received Import Request.
  Time since last request: 0.000072 seconds.
  path: Assets/labObjects/goutteAgoutte/textures/liquid_material_SG_Glossiness.png
  artifactKey: Guid(7b3a2aee502d2f849a4b9381a567c001) Importer(815301076,1909f56bfc062723c751e8b465ee728b)
Start importing Assets/labObjects/goutteAgoutte/textures/liquid_material_SG_Glossiness.png using Guid(7b3a2aee502d2f849a4b9381a567c001) Importer(815301076,1909f56bfc062723c751e8b465ee728b)  -> (artifact id: '783d930260498ed3fe46798a7737d35a') in 0.050396 seconds
Number of updated asset objects reloaded before import = 0
Number of asset objects unloaded after import = 2
========================================================================
Received Import Request.
  Time since last request: 0.000080 seconds.
  path: Assets/labObjects/goutteAgoutte/textures/cork_elem_material_SG_Height.png
  artifactKey: Guid(5c65d3b6f2fbaf4499b86cfb0cad78dc) Importer(815301076,1909f56bfc062723c751e8b465ee728b)
Start importing Assets/labObjects/goutteAgoutte/textures/cork_elem_material_SG_Height.png using Guid(5c65d3b6f2fbaf4499b86cfb0cad78dc) Importer(815301076,1909f56bfc062723c751e8b465ee728b)  -> (artifact id: 'bf0d3248edb8fc78f386bc88cb454592') in 0.025244 seconds
Number of updated asset objects reloaded before import = 0
Number of asset objects unloaded after import = 2
========================================================================
Received Import Request.
  Time since last request: 0.000028 seconds.
  path: Assets/labObjects/goutteAgoutte/textures/label_material_SG_ior.png
  artifactKey: Guid(8212684bb43a38e4699a191dcf9eaf42) Importer(815301076,1909f56bfc062723c751e8b465ee728b)
Start importing Assets/labObjects/goutteAgoutte/textures/label_material_SG_ior.png using Guid(8212684bb43a38e4699a191dcf9eaf42) Importer(815301076,1909f56bfc062723c751e8b465ee728b)  -> (artifact id: 'a33dbccdb1580d159c5d94bf40806cec') in 0.047088 seconds
Number of updated asset objects reloaded before import = 0
Number of asset objects unloaded after import = 2
========================================================================
Received Import Request.
  Time since last request: 0.000088 seconds.
  path: Assets/labObjects/goutteAgoutte/textures/cork_material_SG_Reflection.png
  artifactKey: Guid(46c319f9fcc8f4c41bff3b1d37e11e5e) Importer(815301076,1909f56bfc062723c751e8b465ee728b)
Start importing Assets/labObjects/goutteAgoutte/textures/cork_material_SG_Reflection.png using Guid(46c319f9fcc8f4c41bff3b1d37e11e5e) Importer(815301076,1909f56bfc062723c751e8b465ee728b)  -> (artifact id: 'a2f107cfafe895f40e3081c9cd8d9800') in 0.047773 seconds
Number of updated asset objects reloaded before import = 0
Number of asset objects unloaded after import = 2
========================================================================
Received Import Request.
  Time since last request: 0.000032 seconds.
  path: Assets/labObjects/goutteAgoutte/textures/cork_elem_material_SG_ior.png
  artifactKey: Guid(129e886c0403fb84fb319a052d2ba818) Importer(815301076,1909f56bfc062723c751e8b465ee728b)
Start importing Assets/labObjects/goutteAgoutte/textures/cork_elem_material_SG_ior.png using Guid(129e886c0403fb84fb319a052d2ba818) Importer(815301076,1909f56bfc062723c751e8b465ee728b)  -> (artifact id: 'b0ff3b98f864ff043a05b28fca177bd4') in 0.047822 seconds
Number of updated asset objects reloaded before import = 0
Number of asset objects unloaded after import = 2
========================================================================
Received Import Request.
  Time since last request: 0.000032 seconds.
  path: Assets/labObjects/goutteAgoutte/textures/cork_elem_material_SG_Glossiness.png
  artifactKey: Guid(cba1f78c4f2853246ba8eaa7ae081e1b) Importer(815301076,1909f56bfc062723c751e8b465ee728b)
Start importing Assets/labObjects/goutteAgoutte/textures/cork_elem_material_SG_Glossiness.png using Guid(cba1f78c4f2853246ba8eaa7ae081e1b) Importer(815301076,1909f56bfc062723c751e8b465ee728b)  -> (artifact id: '8ec6a6dddda08142b28890f62ff28124') in 0.071145 seconds
Number of updated asset objects reloaded before import = 0
Number of asset objects unloaded after import = 2
========================================================================
Received Import Request.
  Time since last request: 0.000059 seconds.
  path: Assets/labObjects/goutteAgoutte/textures/bottle_material_SG_Height.png
  artifactKey: Guid(096e5b12dded9844593b7520881f3b75) Importer(815301076,1909f56bfc062723c751e8b465ee728b)
Start importing Assets/labObjects/goutteAgoutte/textures/bottle_material_SG_Height.png using Guid(096e5b12dded9844593b7520881f3b75) Importer(815301076,1909f56bfc062723c751e8b465ee728b)  -> (artifact id: '0943edc5c9ec238e607231e525013f8d') in 0.022376 seconds
Number of updated asset objects reloaded before import = 0
Number of asset objects unloaded after import = 2
========================================================================
Received Import Request.
  Time since last request: 0.000047 seconds.
  path: Assets/labObjects/goutteAgoutte/textures/cork_material_SG_ior.png
  artifactKey: Guid(d354846314852f441beb043bbf52a662) Importer(815301076,1909f56bfc062723c751e8b465ee728b)
Start importing Assets/labObjects/goutteAgoutte/textures/cork_material_SG_ior.png using Guid(d354846314852f441beb043bbf52a662) Importer(815301076,1909f56bfc062723c751e8b465ee728b)  -> (artifact id: '7801de264ab7a68570c46a343cd8502a') in 0.047421 seconds
Number of updated asset objects reloaded before import = 0
Number of asset objects unloaded after import = 2
========================================================================
Received Import Request.
  Time since last request: 0.000042 seconds.
  path: Assets/labObjects/goutteAgoutte/textures/label_material_SG_Height.png
  artifactKey: Guid(a012aee875cdcc04ab9cb329a8d7b812) Importer(815301076,1909f56bfc062723c751e8b465ee728b)
Start importing Assets/labObjects/goutteAgoutte/textures/label_material_SG_Height.png using Guid(a012aee875cdcc04ab9cb329a8d7b812) Importer(815301076,1909f56bfc062723c751e8b465ee728b)  -> (artifact id: 'a7a0ff60210025406154f9d57431162e') in 0.048349 seconds
Number of updated asset objects reloaded before import = 0
Number of asset objects unloaded after import = 2
========================================================================
Received Import Request.
  Time since last request: 29.452426 seconds.
  path: Assets/labObjects/goutteAgoutte/bottle.blend
  artifactKey: Guid(aa7fa0a0ac96a374cab53673327110c7) Importer(815301076,1909f56bfc062723c751e8b465ee728b)
Start importing Assets/labObjects/goutteAgoutte/bottle.blend using Guid(aa7fa0a0ac96a374cab53673327110c7) Importer(815301076,1909f56bfc062723c751e8b465ee728b)  -> (artifact id: '2f30921280715f8c5fcb2df68c96a965') in 0.251128 seconds
Number of updated asset objects reloaded before import = 0
Number of asset objects unloaded after import = 41
========================================================================
Received Import Request.
  Time since last request: 7.961564 seconds.
  path: Assets/labObjects/goutteAgoutte/bottle.blend
  artifactKey: Guid(aa7fa0a0ac96a374cab53673327110c7) Importer(815301076,1909f56bfc062723c751e8b465ee728b)
Start importing Assets/labObjects/goutteAgoutte/bottle.blend using Guid(aa7fa0a0ac96a374cab53673327110c7) Importer(815301076,1909f56bfc062723c751e8b465ee728b)  -> (artifact id: 'a3b2580b425685a8951911d4d08d1445') in 0.304045 seconds
Number of updated asset objects reloaded before import = 0
Number of asset objects unloaded after import = 41
========================================================================
Received Import Request.
  Time since last request: 13.018652 seconds.
  path: Assets/labObjects/goutteAgoutte/bottle.blend
  artifactKey: Guid(aa7fa0a0ac96a374cab53673327110c7) Importer(815301076,1909f56bfc062723c751e8b465ee728b)
Start importing Assets/labObjects/goutteAgoutte/bottle.blend using Guid(aa7fa0a0ac96a374cab53673327110c7) Importer(815301076,1909f56bfc062723c751e8b465ee728b)  -> (artifact id: 'c2e8879b49616942252799c323cd45ef') in 0.163221 seconds
Number of updated asset objects reloaded before import = 0
Number of asset objects unloaded after import = 41
========================================================================
Received Import Request.
  Time since last request: 0.361602 seconds.
  path: Assets/labObjects/goutteAgoutte/textures/No Name.mat
  artifactKey: Guid(11f6a25a4f2a63e469ff1b5c73b2b660) Importer(815301076,1909f56bfc062723c751e8b465ee728b)
Start importing Assets/labObjects/goutteAgoutte/textures/No Name.mat using Guid(11f6a25a4f2a63e469ff1b5c73b2b660) Importer(815301076,1909f56bfc062723c751e8b465ee728b)  -> (artifact id: 'c44a67fb6641ec5a9befa02fe6602d5e') in 0.030052 seconds
Number of updated asset objects reloaded before import = 0
Number of asset objects unloaded after import = 1
========================================================================
Received Import Request.
  Time since last request: 450.197664 seconds.
  path: Assets/labObjects/fioles
  artifactKey: Guid(83493dd2fb9bc634184ddbdd5a126ae4) Importer(815301076,1909f56bfc062723c751e8b465ee728b)
Start importing Assets/labObjects/fioles using Guid(83493dd2fb9bc634184ddbdd5a126ae4) Importer(815301076,1909f56bfc062723c751e8b465ee728b)  -> (artifact id: '7e4174d0e08b2e73f8257ef1b9c46df4') in 0.001886 seconds
Number of updated asset objects reloaded before import = 0
Number of asset objects unloaded after import = 0
========================================================================
Received Import Request.
  Time since last request: 1.211815 seconds.
  path: Assets/labObjects/fioles/fbx
  artifactKey: Guid(0b2f91bf49e8fb246835f2b6c1cd328a) Importer(815301076,1909f56bfc062723c751e8b465ee728b)
Start importing Assets/labObjects/fioles/fbx using Guid(0b2f91bf49e8fb246835f2b6c1cd328a) Importer(815301076,1909f56bfc062723c751e8b465ee728b)  -> (artifact id: '243d25bb241d78ce02fa880645258cfc') in 0.001828 seconds
Number of updated asset objects reloaded before import = 0
Number of asset objects unloaded after import = 0
========================================================================
Received Import Request.
  Time since last request: 0.081637 seconds.
  path: Assets/labObjects/fioles/fbx/deney tpleri.fbx
  artifactKey: Guid(f7e209f18ba41914a9e5184d79c0cd37) Importer(815301076,1909f56bfc062723c751e8b465ee728b)
Start importing Assets/labObjects/fioles/fbx/deney tpleri.fbx using Guid(f7e209f18ba41914a9e5184d79c0cd37) Importer(815301076,1909f56bfc062723c751e8b465ee728b)  -> (artifact id: '0fc7bf45996228e795d353507838fdcc') in 0.706781 seconds
Number of updated asset objects reloaded before import = 0
Number of asset objects unloaded after import = 172
========================================================================
Received Import Request.
  Time since last request: 10.691357 seconds.
  path: Assets/labObjects/fioles/obj
  artifactKey: Guid(8e5091ccd7623d14586c270d1059eb6c) Importer(815301076,1909f56bfc062723c751e8b465ee728b)
Start importing Assets/labObjects/fioles/obj using Guid(8e5091ccd7623d14586c270d1059eb6c) Importer(815301076,1909f56bfc062723c751e8b465ee728b)  -> (artifact id: '69f71754685c26d10b7bd91c21480ab2') in 0.002354 seconds
Number of updated asset objects reloaded before import = 0
Number of asset objects unloaded after import = 0
========================================================================
Received Import Request.
  Time since last request: 0.066767 seconds.
  path: Assets/labObjects/fioles/obj/deney tpleri.obj
  artifactKey: Guid(bfb2df37a32ff614fab6bedecc15c592) Importer(815301076,1909f56bfc062723c751e8b465ee728b)
Start importing Assets/labObjects/fioles/obj/deney tpleri.obj using Guid(bfb2df37a32ff614fab6bedecc15c592) Importer(815301076,1909f56bfc062723c751e8b465ee728b)  -> (artifact id: '2cfd4a6fdeceb687351f412435e58b67') in 0.110541 seconds
Number of updated asset objects reloaded before import = 0
Number of asset objects unloaded after import = 10
========================================================================
Received Import Request.
  Time since last request: 2.492733 seconds.
  path: Assets/labObjects/fioles/blend
  artifactKey: Guid(5c61adc7031294546b5e96b3fd83e048) Importer(815301076,1909f56bfc062723c751e8b465ee728b)
Start importing Assets/labObjects/fioles/blend using Guid(5c61adc7031294546b5e96b3fd83e048) Importer(815301076,1909f56bfc062723c751e8b465ee728b)  -> (artifact id: 'fd836b0fcb2c8c3b8fc9ca1e602cdf07') in 0.001806 seconds
Number of updated asset objects reloaded before import = 0
Number of asset objects unloaded after import = 0
========================================================================
Received Import Request.
  Time since last request: 0.073558 seconds.
  path: Assets/labObjects/fioles/blend/deney tpleri.blend
  artifactKey: Guid(8330ba19d71529f4a85031dd3c2c439c) Importer(815301076,1909f56bfc062723c751e8b465ee728b)
Start importing Assets/labObjects/fioles/blend/deney tpleri.blend using Guid(8330ba19d71529f4a85031dd3c2c439c) Importer(815301076,1909f56bfc062723c751e8b465ee728b)  -> (artifact id: 'c18be8986f52381a2a182556bd7a898c') in 0.636492 seconds
Number of updated asset objects reloaded before import = 0
Number of asset objects unloaded after import = 170
========================================================================
Received Import Request.
  Time since last request: 7.533812 seconds.
  path: Assets/labObjects/fioles/collade
  artifactKey: Guid(0da1d4d1617c89146877fc5da7759e04) Importer(815301076,1909f56bfc062723c751e8b465ee728b)
Start importing Assets/labObjects/fioles/collade using Guid(0da1d4d1617c89146877fc5da7759e04) Importer(815301076,1909f56bfc062723c751e8b465ee728b)  -> (artifact id: '897f6f5158e1622804b93d19cc447395') in 0.003351 seconds
Number of updated asset objects reloaded before import = 0
Number of asset objects unloaded after import = 0
========================================================================
Received Import Request.
  Time since last request: 0.059991 seconds.
  path: Assets/labObjects/fioles/collade/circle-textured-metal1_albedo.png
  artifactKey: Guid(b851733e6fb53af479e3d0e5cae98017) Importer(815301076,1909f56bfc062723c751e8b465ee728b)
Start importing Assets/labObjects/fioles/collade/circle-textured-metal1_albedo.png using Guid(b851733e6fb53af479e3d0e5cae98017) Importer(815301076,1909f56bfc062723c751e8b465ee728b)  -> (artifact id: '9dd9c84f5f2af3e6cd49362abddd805a') in 0.050176 seconds
Number of updated asset objects reloaded before import = 0
Number of asset objects unloaded after import = 2
========================================================================
Received Import Request.
  Time since last request: 0.000036 seconds.
  path: Assets/labObjects/fioles/collade/synth-rubber-albedo.png
  artifactKey: Guid(9b537ebdf5edafe4bad8a2734c8bb784) Importer(815301076,1909f56bfc062723c751e8b465ee728b)
Start importing Assets/labObjects/fioles/collade/synth-rubber-albedo.png using Guid(9b537ebdf5edafe4bad8a2734c8bb784) Importer(815301076,1909f56bfc062723c751e8b465ee728b)  -> (artifact id: '608a5abe0b7dbda85a613717eddbf3a6') in 0.068941 seconds
Number of updated asset objects reloaded before import = 0
Number of asset objects unloaded after import = 2
========================================================================
Received Import Request.
  Time since last request: 0.000043 seconds.
  path: Assets/labObjects/fioles/collade/dull-copper_albedo.png
  artifactKey: Guid(b1984b9ad118b5544afd72d2a107cc58) Importer(815301076,1909f56bfc062723c751e8b465ee728b)
Start importing Assets/labObjects/fioles/collade/dull-copper_albedo.png using Guid(b1984b9ad118b5544afd72d2a107cc58) Importer(815301076,1909f56bfc062723c751e8b465ee728b)  -> (artifact id: '3887d8b02806aaaa92e0fff58bd91ece') in 0.075257 seconds
Number of updated asset objects reloaded before import = 0
Number of asset objects unloaded after import = 2
========================================================================
Received Import Request.
  Time since last request: 10.978413 seconds.
  path: Assets/labObjects/fioles/stl
  artifactKey: Guid(a574833eaad58494f974402fbbe896f2) Importer(815301076,1909f56bfc062723c751e8b465ee728b)
Start importing Assets/labObjects/fioles/stl using Guid(a574833eaad58494f974402fbbe896f2) Importer(815301076,1909f56bfc062723c751e8b465ee728b)  -> (artifact id: '0bc5b289607fc0bbb841830d208c47ac') in 0.001070 seconds
Number of updated asset objects reloaded before import = 0
Number of asset objects unloaded after import = 0
========================================================================
Received Import Request.
  Time since last request: 0.860662 seconds.
  path: Assets/labObjects/fioles/stl/deney tpleri.stl
  artifactKey: Guid(c114ac0b9b33e4345aef31b38889e364) Importer(815301076,1909f56bfc062723c751e8b465ee728b)
Start importing Assets/labObjects/fioles/stl/deney tpleri.stl using Guid(c114ac0b9b33e4345aef31b38889e364) Importer(815301076,1909f56bfc062723c751e8b465ee728b)  -> (artifact id: '1b765b140391f4e15347abee252c48ab') in 0.002591 seconds
Number of updated asset objects reloaded before import = 0
Number of asset objects unloaded after import = 1
========================================================================
Received Import Request.
  Time since last request: 4.067177 seconds.
  path: Assets/labObjects/fioles/x3d
  artifactKey: Guid(49e0ea57fc69f3442a55a2d51bf23827) Importer(815301076,1909f56bfc062723c751e8b465ee728b)
Start importing Assets/labObjects/fioles/x3d using Guid(49e0ea57fc69f3442a55a2d51bf23827) Importer(815301076,1909f56bfc062723c751e8b465ee728b)  -> (artifact id: '3a35cd8f4f3aa6d2170615793e643d15') in 0.001415 seconds
Number of updated asset objects reloaded before import = 0
Number of asset objects unloaded after import = 0
========================================================================
Received Import Request.
  Time since last request: 20.479913 seconds.
  path: Assets/labObjects/fioles/fbx/deney tpleri.fbx
  artifactKey: Guid(f7e209f18ba41914a9e5184d79c0cd37) Importer(815301076,1909f56bfc062723c751e8b465ee728b)
Start importing Assets/labObjects/fioles/fbx/deney tpleri.fbx using Guid(f7e209f18ba41914a9e5184d79c0cd37) Importer(815301076,1909f56bfc062723c751e8b465ee728b)  -> (artifact id: 'a30314b75fcc89e5e7784f9a0650257d') in 1.136771 seconds
Number of updated asset objects reloaded before import = 0
Number of asset objects unloaded after import = 172
========================================================================
Received Import Request.
  Time since last request: 0.000043 seconds.
  path: Assets/labObjects/fioles/fbx/Material.003.mat
  artifactKey: Guid(1de5971a444fd404e89b0942859211c1) Importer(815301076,1909f56bfc062723c751e8b465ee728b)
Start importing Assets/labObjects/fioles/fbx/Material.003.mat using Guid(1de5971a444fd404e89b0942859211c1) Importer(815301076,1909f56bfc062723c751e8b465ee728b)  -> (artifact id: '5259ac2e0e5681c801e896599303dba3') in 0.037289 seconds
Number of updated asset objects reloaded before import = 0
Number of asset objects unloaded after import = 1
========================================================================
Received Import Request.
  Time since last request: 0.000081 seconds.
  path: Assets/labObjects/fioles/fbx/Material.012.mat
  artifactKey: Guid(9dd89739fd0bcd74cab6a4bfc52a5676) Importer(815301076,1909f56bfc062723c751e8b465ee728b)
Start importing Assets/labObjects/fioles/fbx/Material.012.mat using Guid(9dd89739fd0bcd74cab6a4bfc52a5676) Importer(815301076,1909f56bfc062723c751e8b465ee728b)  -> (artifact id: '0efbbf1462f673ad552fe03598f9733a') in 0.061779 seconds
Number of updated asset objects reloaded before import = 0
Number of asset objects unloaded after import = 2
========================================================================
Received Import Request.
  Time since last request: 0.000062 seconds.
  path: Assets/labObjects/fioles/fbx/Material.026.mat
  artifactKey: Guid(da02dd3c260e876439d6c957a5716cb0) Importer(815301076,1909f56bfc062723c751e8b465ee728b)
Start importing Assets/labObjects/fioles/fbx/Material.026.mat using Guid(da02dd3c260e876439d6c957a5716cb0) Importer(815301076,1909f56bfc062723c751e8b465ee728b)  -> (artifact id: '62b88803cb522419b34803e7525a0604') in 0.045024 seconds
Number of updated asset objects reloaded before import = 0
Number of asset objects unloaded after import = 1
========================================================================
Received Prepare
Begin MonoManager ReloadAssembly
- Loaded All Assemblies, in  0.581 seconds
Refreshing native plugins compatible for Editor in 2.83 ms, found 3 plugins.
Native extension for WindowsStandalone target not found
[Package Manager] Server::EnsureServerProcessIsRunning -- launch failed, reason: Unity was launched with the -noUpm command-line argument
[Package Manager] UpmClient::Send -- Unable to send message (not connected to UPM process).
[Package Manager] Cannot connect to Unity Package Manager local server
Mono: successfully reloaded assembly
- Finished resetting the current domain, in  2.198 seconds
Domain Reload Profiling: 2778ms
	BeginReloadAssembly (187ms)
		ExecutionOrderSort (0ms)
		DisableScriptedObjects (6ms)
		BackupInstance (0ms)
		ReleaseScriptingObjects (0ms)
		CreateAndSetChildDomain (51ms)
	RebuildCommonClasses (36ms)
	RebuildNativeTypeToScriptingClass (15ms)
	initialDomainReloadingComplete (38ms)
	LoadAllAssembliesAndSetupDomain (302ms)
		LoadAssemblies (385ms)
		RebuildTransferFunctionScriptingTraits (0ms)
		AnalyzeDomain (16ms)
			TypeCache.Refresh (10ms)
				TypeCache.ScanAssembly (0ms)
			ScanForSourceGeneratedMonoScriptInfo (0ms)
			ResolveRequiredComponents (4ms)
	FinalizeReload (2200ms)
		ReleaseScriptCaches (0ms)
		RebuildScriptCaches (0ms)
		SetupLoadedEditorAssemblies (1024ms)
			LogAssemblyErrors (0ms)
			InitializePlatformSupportModulesInManaged (14ms)
			SetLoadedEditorAssemblies (10ms)
			RefreshPlugins (0ms)
			BeforeProcessingInitializeOnLoad (148ms)
			ProcessInitializeOnLoadAttributes (767ms)
			ProcessInitializeOnLoadMethodAttributes (66ms)
			AfterProcessingInitializeOnLoad (17ms)
			EditorAssembliesLoaded (0ms)
		ExecutionOrderSort2 (0ms)
		AwakeInstancesAfterBackupRestoration (21ms)
Refreshing native plugins compatible for Editor in 7.70 ms, found 3 plugins.
Preloading 0 native plugins for Editor in 0.00 ms.
Unloading 3085 Unused Serialized files (Serialized files now loaded: 0)
Unloading 22 unused Assets / (30.1 KB). Loaded Objects now: 3618.
Memory consumption went from 138.2 MB to 138.2 MB.
Total: 7.061500 ms (FindLiveObjects: 0.637900 ms CreateObjectMapping: 0.278100 ms MarkObjects: 5.905400 ms  DeleteObjects: 0.236000 ms)

Prepare: number of updated asset objects reloaded= 0
AssetImportParameters requested are different than current active one (requested -> active):
  custom:container-demuxer-ogg: 62fdf1f143b41e24485cea50d1cbac27 -> 
  custom:video-decoder-ogg-theora: a1e56fd34408186e4bbccfd4996cb3dc -> 
  custom:framework-win-MediaFoundation: 216162199b28c13a410421893ffa2e32 -> 
  custom:CustomObjectIndexerAttribute: 6d391050e5a25f67b0a2c618074f2cd9 -> 
  custom:container-demuxer-webm: 4f35f7cbe854078d1ac9338744f61a02 -> 
  custom:container-muxer-webm: aa71ff27fc2769a1b78a27578f13a17b -> 
  custom:video-decoder-webm-vp8: 9c59270c3fd7afecdb556c50c9e8de78 -> 
  custom:SearchIndexIgnoredProperties: e643bd26f0fe6173181afceb89e7c659 -> 
  custom:AudioImporter_EditorPlatform: d09bf68614088b80899f8185d706f6e7 -> 
  custom:video-encoder-webm-vp8: eb34c28f22e8b96e1ab97ce403110664 -> 
  custom:audio-decoder-ogg-vorbis: bf7c407c2cedff20999df2af8eb42d56 -> 
  custom:audio-encoder-webm-vorbis: bf7c407c2cedff20999df2af8eb42d56 -> 
========================================================================
Received Prepare
Begin MonoManager ReloadAssembly
- Loaded All Assemblies, in  0.494 seconds
Refreshing native plugins compatible for Editor in 3.69 ms, found 3 plugins.
Native extension for WindowsStandalone target not found
[Package Manager] Server::EnsureServerProcessIsRunning -- launch failed, reason: Unity was launched with the -noUpm command-line argument
[Package Manager] UpmClient::Send -- Unable to send message (not connected to UPM process).
[Package Manager] Cannot connect to Unity Package Manager local server
Mono: successfully reloaded assembly
- Finished resetting the current domain, in  1.774 seconds
Domain Reload Profiling: 2266ms
	BeginReloadAssembly (179ms)
		ExecutionOrderSort (0ms)
		DisableScriptedObjects (5ms)
		BackupInstance (0ms)
		ReleaseScriptingObjects (0ms)
		CreateAndSetChildDomain (48ms)
	RebuildCommonClasses (42ms)
	RebuildNativeTypeToScriptingClass (16ms)
	initialDomainReloadingComplete (34ms)
	LoadAllAssembliesAndSetupDomain (219ms)
		LoadAssemblies (298ms)
		RebuildTransferFunctionScriptingTraits (0ms)
		AnalyzeDomain (15ms)
			TypeCache.Refresh (8ms)
				TypeCache.ScanAssembly (0ms)
			ScanForSourceGeneratedMonoScriptInfo (0ms)
			ResolveRequiredComponents (5ms)
	FinalizeReload (1775ms)
		ReleaseScriptCaches (0ms)
		RebuildScriptCaches (0ms)
		SetupLoadedEditorAssemblies (983ms)
			LogAssemblyErrors (0ms)
			InitializePlatformSupportModulesInManaged (16ms)
			SetLoadedEditorAssemblies (13ms)
			RefreshPlugins (0ms)
			BeforeProcessingInitializeOnLoad (152ms)
			ProcessInitializeOnLoadAttributes (730ms)
			ProcessInitializeOnLoadMethodAttributes (60ms)
			AfterProcessingInitializeOnLoad (11ms)
			EditorAssembliesLoaded (0ms)
		ExecutionOrderSort2 (0ms)
		AwakeInstancesAfterBackupRestoration (24ms)
Refreshing native plugins compatible for Editor in 7.07 ms, found 3 plugins.
Preloading 0 native plugins for Editor in 0.00 ms.
Unloading 3085 Unused Serialized files (Serialized files now loaded: 0)
Unloading 22 unused Assets / (30.1 KB). Loaded Objects now: 3621.
Memory consumption went from 140.2 MB to 140.1 MB.
Total: 6.118700 ms (FindLiveObjects: 0.626000 ms CreateObjectMapping: 0.888700 ms MarkObjects: 4.526200 ms  DeleteObjects: 0.075500 ms)

Prepare: number of updated asset objects reloaded= 0
AssetImportParameters requested are different than current active one (requested -> active):
  custom:container-demuxer-ogg: 62fdf1f143b41e24485cea50d1cbac27 -> 
  custom:video-decoder-ogg-theora: a1e56fd34408186e4bbccfd4996cb3dc -> 
  custom:framework-win-MediaFoundation: 216162199b28c13a410421893ffa2e32 -> 
  custom:CustomObjectIndexerAttribute: 6d391050e5a25f67b0a2c618074f2cd9 -> 
  custom:container-demuxer-webm: 4f35f7cbe854078d1ac9338744f61a02 -> 
  custom:container-muxer-webm: aa71ff27fc2769a1b78a27578f13a17b -> 
  custom:video-decoder-webm-vp8: 9c59270c3fd7afecdb556c50c9e8de78 -> 
  custom:SearchIndexIgnoredProperties: e643bd26f0fe6173181afceb89e7c659 -> 
  custom:AudioImporter_EditorPlatform: d09bf68614088b80899f8185d706f6e7 -> 
  custom:video-encoder-webm-vp8: eb34c28f22e8b96e1ab97ce403110664 -> 
  custom:audio-decoder-ogg-vorbis: bf7c407c2cedff20999df2af8eb42d56 -> 
  custom:audio-encoder-webm-vorbis: bf7c407c2cedff20999df2af8eb42d56 -> 
========================================================================
Received Prepare
Begin MonoManager ReloadAssembly
- Loaded All Assemblies, in  0.502 seconds
Refreshing native plugins compatible for Editor in 2.96 ms, found 3 plugins.
Native extension for WindowsStandalone target not found
[Package Manager] Server::EnsureServerProcessIsRunning -- launch failed, reason: Unity was launched with the -noUpm command-line argument
[Package Manager] UpmClient::Send -- Unable to send message (not connected to UPM process).
[Package Manager] Cannot connect to Unity Package Manager local server
Mono: successfully reloaded assembly
- Finished resetting the current domain, in  1.714 seconds
Domain Reload Profiling: 2214ms
	BeginReloadAssembly (176ms)
		ExecutionOrderSort (0ms)
		DisableScriptedObjects (5ms)
		BackupInstance (0ms)
		ReleaseScriptingObjects (0ms)
		CreateAndSetChildDomain (48ms)
	RebuildCommonClasses (44ms)
	RebuildNativeTypeToScriptingClass (16ms)
	initialDomainReloadingComplete (34ms)
	LoadAllAssembliesAndSetupDomain (229ms)
		LoadAssemblies (306ms)
		RebuildTransferFunctionScriptingTraits (0ms)
		AnalyzeDomain (14ms)
			TypeCache.Refresh (8ms)
				TypeCache.ScanAssembly (0ms)
			ScanForSourceGeneratedMonoScriptInfo (0ms)
			ResolveRequiredComponents (4ms)
	FinalizeReload (1715ms)
		ReleaseScriptCaches (0ms)
		RebuildScriptCaches (0ms)
		SetupLoadedEditorAssemblies (909ms)
			LogAssemblyErrors (0ms)
			InitializePlatformSupportModulesInManaged (10ms)
			SetLoadedEditorAssemblies (8ms)
			RefreshPlugins (0ms)
			BeforeProcessingInitializeOnLoad (129ms)
			ProcessInitializeOnLoadAttributes (685ms)
			ProcessInitializeOnLoadMethodAttributes (60ms)
			AfterProcessingInitializeOnLoad (17ms)
			EditorAssembliesLoaded (1ms)
		ExecutionOrderSort2 (0ms)
		AwakeInstancesAfterBackupRestoration (16ms)
Refreshing native plugins compatible for Editor in 6.27 ms, found 3 plugins.
Preloading 0 native plugins for Editor in 0.00 ms.
Unloading 3085 Unused Serialized files (Serialized files now loaded: 0)
Unloading 22 unused Assets / (30.2 KB). Loaded Objects now: 3624.
Memory consumption went from 142.1 MB to 142.1 MB.
Total: 7.275900 ms (FindLiveObjects: 0.369100 ms CreateObjectMapping: 0.222300 ms MarkObjects: 6.498300 ms  DeleteObjects: 0.184000 ms)

Prepare: number of updated asset objects reloaded= 0
AssetImportParameters requested are different than current active one (requested -> active):
  custom:container-demuxer-ogg: 62fdf1f143b41e24485cea50d1cbac27 -> 
  custom:video-decoder-ogg-theora: a1e56fd34408186e4bbccfd4996cb3dc -> 
  custom:framework-win-MediaFoundation: 216162199b28c13a410421893ffa2e32 -> 
  custom:CustomObjectIndexerAttribute: 6d391050e5a25f67b0a2c618074f2cd9 -> 
  custom:container-demuxer-webm: 4f35f7cbe854078d1ac9338744f61a02 -> 
  custom:container-muxer-webm: aa71ff27fc2769a1b78a27578f13a17b -> 
  custom:video-decoder-webm-vp8: 9c59270c3fd7afecdb556c50c9e8de78 -> 
  custom:SearchIndexIgnoredProperties: e643bd26f0fe6173181afceb89e7c659 -> 
  custom:AudioImporter_EditorPlatform: d09bf68614088b80899f8185d706f6e7 -> 
  custom:video-encoder-webm-vp8: eb34c28f22e8b96e1ab97ce403110664 -> 
  custom:audio-decoder-ogg-vorbis: bf7c407c2cedff20999df2af8eb42d56 -> 
  custom:audio-encoder-webm-vorbis: bf7c407c2cedff20999df2af8eb42d56 -> 
========================================================================
Received Prepare
Begin MonoManager ReloadAssembly
- Loaded All Assemblies, in  0.531 seconds
Refreshing native plugins compatible for Editor in 4.63 ms, found 3 plugins.
Native extension for WindowsStandalone target not found
[Package Manager] Server::EnsureServerProcessIsRunning -- launch failed, reason: Unity was launched with the -noUpm command-line argument
[Package Manager] UpmClient::Send -- Unable to send message (not connected to UPM process).
[Package Manager] Cannot connect to Unity Package Manager local server
Mono: successfully reloaded assembly
- Finished resetting the current domain, in  1.865 seconds
Domain Reload Profiling: 2395ms
	BeginReloadAssembly (196ms)
		ExecutionOrderSort (0ms)
		DisableScriptedObjects (7ms)
		BackupInstance (0ms)
		ReleaseScriptingObjects (0ms)
		CreateAndSetChildDomain (55ms)
	RebuildCommonClasses (37ms)
	RebuildNativeTypeToScriptingClass (12ms)
	initialDomainReloadingComplete (38ms)
	LoadAllAssembliesAndSetupDomain (246ms)
		LoadAssemblies (322ms)
		RebuildTransferFunctionScriptingTraits (0ms)
		AnalyzeDomain (18ms)
			TypeCache.Refresh (10ms)
				TypeCache.ScanAssembly (0ms)
			ScanForSourceGeneratedMonoScriptInfo (0ms)
			ResolveRequiredComponents (7ms)
	FinalizeReload (1867ms)
		ReleaseScriptCaches (0ms)
		RebuildScriptCaches (0ms)
		SetupLoadedEditorAssemblies (1012ms)
			LogAssemblyErrors (0ms)
			InitializePlatformSupportModulesInManaged (21ms)
			SetLoadedEditorAssemblies (9ms)
			RefreshPlugins (0ms)
			BeforeProcessingInitializeOnLoad (144ms)
			ProcessInitializeOnLoadAttributes (761ms)
			ProcessInitializeOnLoadMethodAttributes (58ms)
			AfterProcessingInitializeOnLoad (19ms)
			EditorAssembliesLoaded (0ms)
		ExecutionOrderSort2 (0ms)
		AwakeInstancesAfterBackupRestoration (25ms)
Refreshing native plugins compatible for Editor in 8.13 ms, found 3 plugins.
Preloading 0 native plugins for Editor in 0.00 ms.
Unloading 3085 Unused Serialized files (Serialized files now loaded: 0)
Unloading 22 unused Assets / (30.1 KB). Loaded Objects now: 3627.
Memory consumption went from 144.0 MB to 144.0 MB.
Total: 8.196800 ms (FindLiveObjects: 0.539500 ms CreateObjectMapping: 0.948100 ms MarkObjects: 6.541800 ms  DeleteObjects: 0.163200 ms)

Prepare: number of updated asset objects reloaded= 0
AssetImportParameters requested are different than current active one (requested -> active):
  custom:container-demuxer-ogg: 62fdf1f143b41e24485cea50d1cbac27 -> 
  custom:video-decoder-ogg-theora: a1e56fd34408186e4bbccfd4996cb3dc -> 
  custom:framework-win-MediaFoundation: 216162199b28c13a410421893ffa2e32 -> 
  custom:CustomObjectIndexerAttribute: 6d391050e5a25f67b0a2c618074f2cd9 -> 
  custom:container-demuxer-webm: 4f35f7cbe854078d1ac9338744f61a02 -> 
  custom:container-muxer-webm: aa71ff27fc2769a1b78a27578f13a17b -> 
  custom:video-decoder-webm-vp8: 9c59270c3fd7afecdb556c50c9e8de78 -> 
  custom:SearchIndexIgnoredProperties: e643bd26f0fe6173181afceb89e7c659 -> 
  custom:AudioImporter_EditorPlatform: d09bf68614088b80899f8185d706f6e7 -> 
  custom:video-encoder-webm-vp8: eb34c28f22e8b96e1ab97ce403110664 -> 
  custom:audio-decoder-ogg-vorbis: bf7c407c2cedff20999df2af8eb42d56 -> 
  custom:audio-encoder-webm-vorbis: bf7c407c2cedff20999df2af8eb42d56 -> 
========================================================================
Received Prepare
Begin MonoManager ReloadAssembly
- Loaded All Assemblies, in  0.515 seconds
Refreshing native plugins compatible for Editor in 4.13 ms, found 3 plugins.
Native extension for WindowsStandalone target not found
[Package Manager] Server::EnsureServerProcessIsRunning -- launch failed, reason: Unity was launched with the -noUpm command-line argument
[Package Manager] UpmClient::Send -- Unable to send message (not connected to UPM process).
[Package Manager] Cannot connect to Unity Package Manager local server
Mono: successfully reloaded assembly
- Finished resetting the current domain, in  1.762 seconds
Domain Reload Profiling: 2274ms
	BeginReloadAssembly (180ms)
		ExecutionOrderSort (0ms)
		DisableScriptedObjects (8ms)
		BackupInstance (0ms)
		ReleaseScriptingObjects (0ms)
		CreateAndSetChildDomain (47ms)
	RebuildCommonClasses (44ms)
	RebuildNativeTypeToScriptingClass (13ms)
	initialDomainReloadingComplete (40ms)
	LoadAllAssembliesAndSetupDomain (236ms)
		LoadAssemblies (312ms)
		RebuildTransferFunctionScriptingTraits (0ms)
		AnalyzeDomain (14ms)
			TypeCache.Refresh (7ms)
				TypeCache.ScanAssembly (0ms)
			ScanForSourceGeneratedMonoScriptInfo (0ms)
			ResolveRequiredComponents (5ms)
	FinalizeReload (1763ms)
		ReleaseScriptCaches (0ms)
		RebuildScriptCaches (0ms)
		SetupLoadedEditorAssemblies (998ms)
			LogAssemblyErrors (0ms)
			InitializePlatformSupportModulesInManaged (18ms)
			SetLoadedEditorAssemblies (11ms)
			RefreshPlugins (0ms)
			BeforeProcessingInitializeOnLoad (160ms)
			ProcessInitializeOnLoadAttributes (729ms)
			ProcessInitializeOnLoadMethodAttributes (67ms)
			AfterProcessingInitializeOnLoad (13ms)
			EditorAssembliesLoaded (1ms)
		ExecutionOrderSort2 (0ms)
		AwakeInstancesAfterBackupRestoration (20ms)
Refreshing native plugins compatible for Editor in 8.43 ms, found 3 plugins.
Preloading 0 native plugins for Editor in 0.00 ms.
Unloading 3085 Unused Serialized files (Serialized files now loaded: 0)
Unloading 22 unused Assets / (30.2 KB). Loaded Objects now: 3630.
Memory consumption went from 145.9 MB to 145.9 MB.
Total: 4.797300 ms (FindLiveObjects: 0.579400 ms CreateObjectMapping: 0.235800 ms MarkObjects: 3.837800 ms  DeleteObjects: 0.123800 ms)

Prepare: number of updated asset objects reloaded= 0
AssetImportParameters requested are different than current active one (requested -> active):
  custom:container-demuxer-ogg: 62fdf1f143b41e24485cea50d1cbac27 -> 
  custom:video-decoder-ogg-theora: a1e56fd34408186e4bbccfd4996cb3dc -> 
  custom:framework-win-MediaFoundation: 216162199b28c13a410421893ffa2e32 -> 
  custom:CustomObjectIndexerAttribute: 6d391050e5a25f67b0a2c618074f2cd9 -> 
  custom:container-demuxer-webm: 4f35f7cbe854078d1ac9338744f61a02 -> 
  custom:container-muxer-webm: aa71ff27fc2769a1b78a27578f13a17b -> 
  custom:video-decoder-webm-vp8: 9c59270c3fd7afecdb556c50c9e8de78 -> 
  custom:SearchIndexIgnoredProperties: e643bd26f0fe6173181afceb89e7c659 -> 
  custom:AudioImporter_EditorPlatform: d09bf68614088b80899f8185d706f6e7 -> 
  custom:video-encoder-webm-vp8: eb34c28f22e8b96e1ab97ce403110664 -> 
  custom:audio-decoder-ogg-vorbis: bf7c407c2cedff20999df2af8eb42d56 -> 
  custom:audio-encoder-webm-vorbis: bf7c407c2cedff20999df2af8eb42d56 -> 
========================================================================
Received Import Request.
  Time since last request: 641.708430 seconds.
  path: Assets/labObjects/fioles/fbx/deney tpleri.fbx
  artifactKey: Guid(f7e209f18ba41914a9e5184d79c0cd37) Importer(815301076,1909f56bfc062723c751e8b465ee728b)
Start importing Assets/labObjects/fioles/fbx/deney tpleri.fbx using Guid(f7e209f18ba41914a9e5184d79c0cd37) Importer(815301076,1909f56bfc062723c751e8b465ee728b)  -> (artifact id: 'e4b161181f6540e501290af39040c91d') in 0.749687 seconds
Number of updated asset objects reloaded before import = 0
Number of asset objects unloaded after import = 172
